#
# A fatal error has been detected by the Java Runtime Environment:
#
#  SIGSEGV (0xb) at pc=0x000000011c9ed2d7, pid=1195, tid=0x000000000000c50f
#
# JRE version: Java(TM) SE Runtime Environment (8.0_121-b13) (build 1.8.0_121-b13)
# Java VM: Java HotSpot(TM) 64-Bit Server VM (25.121-b13 mixed mode bsd-amd64 compressed oops)
# Problematic frame:
# C  [libawt_lwawt.dylib+0x1c2d7]  OGLSD_SetScratchSurface+0x49
#
# Failed to write core dump. Core dumps have been disabled. To enable core dumping, try "ulimit -c unlimited" before starting Java again
#
# If you would like to submit a bug report, please visit:
#   http://bugreport.java.com/bugreport/crash.jsp
# The crash happened outside the Java Virtual Machine in native code.
# See problematic frame for where to report the bug.
#

---------------  T H R E A D  ---------------

Current thread (0x00007f854aa1b800):  JavaThread "Java2D Queue Flusher" daemon [_thread_in_native, id=50447, stack(0x000070000d97d000,0x000070000da7d000)]

siginfo: si_signo: 11 (SIGSEGV), si_code: 1 (SEGV_MAPERR), si_addr: 0x0000000000000002

Registers:
RAX=0x00000000ffffffff, RBX=0x0000000000000002, RCX=0x0000000000000047, RDX=0x000000011ca0e370
RSP=0x000070000da7c750, RBP=0x000070000da7c770, RSI=0x00007f854d84c220, RDI=0x00007f854aa1b9f8
R8 =0x00000000000006f6, R9 =0xffffffff00000000, R10=0x00000001059ba778, R11=0x0000000105c45a00
R12=0x0000000000000000, R13=0x000070000da7c908, R14=0x00007f854aa1b9f8, R15=0x00007f854aa1b800
RIP=0x000000011c9ed2d7, EFLAGS=0x0000000000010202, ERR=0x0000000000000004
  TRAPNO=0x000000000000000e

Top of Stack: (sp=0x000070000da7c750)
0x000070000da7c750:   00007f854d84c220 0000000000000000
0x000070000da7c760:   00007f854b8bfa10 00007f854aa1b800
0x000070000da7c770:   000070000da7c7f0 000000011ca0de4e
0x000070000da7c780:   00007f8549f4da00 0000000200000001
0x000070000da7c790:   000070000da7c8a0 0000000104bff400
0x000070000da7c7a0:   0000000000000000 0000000000000000
0x000070000da7c7b0:   000070000da7c7f0 00007f854b8bfa20
0x000070000da7c7c0:   00000001008228e8 00007f854aa1b9f8
0x000070000da7c7d0:   000000015a1fa518 0000000000000000
0x000070000da7c7e0:   000070000da7c988 00007f854aa1b800
0x000070000da7c7f0:   000070000da7c840 00000001059ba7ea
0x000070000da7c800:   00000007400fa8b8 0000000104e4f45c
0x000070000da7c810:   0000000000000064 0000000000000000
0x000070000da7c820:   0000000000000064 00007f8549f4e5f8
0x000070000da7c830:   000070000da7c890 0000000104c67494
0x000070000da7c840:   000070000da7c960 0000000105d4633c
0x000070000da7c850:   0000000000000001 00007f8549f4ad60
0x000070000da7c860:   0000000740017200 00007f854aa1b800
0x000070000da7c870:   00007f854aa1b800 0000000119366a00
0x000070000da7c880:   000070000da7c988 00007f854aa1b800
0x000070000da7c890:   000070000da7c8e0 0000000105b1a168
0x000070000da7c8a0:   00000007400fa8b8 0000000105b7f1a6
0x000070000da7c8b0:   000070000da7c960 0000000105c45a5c
0x000070000da7c8c0:   000000015f025e9f 000070000da7c908
0x000070000da7c8d0:   000000015946ef70 0000000000000000
0x000070000da7c8e0:   000070000da7c960 00000001058c22bd
0x000070000da7c8f0:   000070000da7c960 00000001058c22bd
0x000070000da7c900:   00000001058c22bd 00000007400fa8b8
0x000070000da7c910:   0000000000000003 0000000740017200
0x000070000da7c920:   000070000da7c910 00000001198227e1
0x000070000da7c930:   000070000da7c988 0000000119823068
0x000070000da7c940:   0000000000000000 00000001198228e8 

Instructions: (pc=0x000000011c9ed2d7)
0x000000011c9ed2b7:   c0 e9 82 00 00 00 48 8b 5e 10 48 85 db 75 0e bf
0x000000011c9ed2c7:   01 00 00 00 48 8d 15 0a 7e 03 00 eb d6 49 89 fe
0x000000011c9ed2d7:   4c 8b 3b 30 c0 e8 d9 a8 02 00 49 8b 3f 49 89 c4
0x000000011c9ed2e7:   48 8b 35 d2 03 06 00 30 c0 e8 e5 a9 02 00 48 85 

Register to memory mapping:

RAX=0x00000000ffffffff is an unknown value
RBX=0x0000000000000002 is an unknown value
RCX=0x0000000000000047 is an unknown value
RDX=0x000000011ca0e370: Java_sun_java2d_opengl_OGLRenderQueue_flushBuffer+0xb5c in /Library/Java/JavaVirtualMachines/jdk1.8.0_121.jdk/Contents/Home/jre/lib/libawt_lwawt.dylib at 0x000000011c9d1000
RSP=0x000070000da7c750 is pointing into the stack for thread: 0x00007f854aa1b800
RBP=0x000070000da7c770 is pointing into the stack for thread: 0x00007f854aa1b800
RSI=0x00007f854d84c220 is an unknown value
RDI=0x00007f854aa1b9f8 is an unknown value
R8 =0x00000000000006f6 is an unknown value
R9 =0xffffffff00000000 is an unknown value
R10=0x00000001059ba778 is at entry_point+56 in (nmethod*)0x00000001059ba5d0
R11=0x0000000105c45a00 is at entry_point+0 in (nmethod*)0x0000000105c45890
R12=0x0000000000000000 is an unknown value
R13=0x000070000da7c908 is pointing into the stack for thread: 0x00007f854aa1b800
R14=0x00007f854aa1b9f8 is an unknown value
R15=0x00007f854aa1b800 is a thread


Stack: [0x000070000d97d000,0x000070000da7d000],  sp=0x000070000da7c750,  free space=1021k
Native frames: (J=compiled Java code, j=interpreted, Vv=VM code, C=native code)
C  [libawt_lwawt.dylib+0x1c2d7]  OGLSD_SetScratchSurface+0x49
C  [libawt_lwawt.dylib+0x3ce4e]  Java_sun_java2d_opengl_OGLRenderQueue_flushBuffer+0x63a
J 1285  sun.java2d.opengl.OGLRenderQueue.flushBuffer(JI)V (0 bytes) @ 0x00000001059ba7ea [0x00000001059ba740+0xaa]
J 1429 C1 sun.java2d.opengl.OGLRenderQueue.flushBuffer()V (41 bytes) @ 0x0000000105d4633c [0x0000000105d460e0+0x25c]
J 1115 C1 sun.java2d.opengl.OGLRenderQueue.access$100(Lsun/java2d/opengl/OGLRenderQueue;)V (5 bytes) @ 0x0000000105c45a5c [0x0000000105c45a00+0x5c]
j  sun.java2d.opengl.OGLRenderQueue$QueueFlusher.run()V+81
v  ~StubRoutines::call_stub
V  [libjvm.dylib+0x2ed9d6]
V  [libjvm.dylib+0x2ee164]
V  [libjvm.dylib+0x2ee310]
V  [libjvm.dylib+0x348a5d]
V  [libjvm.dylib+0x56ab0f]
V  [libjvm.dylib+0x56c1fc]
V  [libjvm.dylib+0x48a5b2]
C  [libsystem_pthread.dylib+0x3339]  _pthread_body+0x7e
C  [libsystem_pthread.dylib+0x62a7]  _pthread_start+0x46
C  [libsystem_pthread.dylib+0x2445]  thread_start+0xd
C  0x0000000000000000

Java frames: (J=compiled Java code, j=interpreted, Vv=VM code)
J 1285  sun.java2d.opengl.OGLRenderQueue.flushBuffer(JI)V (0 bytes) @ 0x00000001059ba778 [0x00000001059ba740+0x38]
J 1429 C1 sun.java2d.opengl.OGLRenderQueue.flushBuffer()V (41 bytes) @ 0x0000000105d4633c [0x0000000105d460e0+0x25c]
J 1115 C1 sun.java2d.opengl.OGLRenderQueue.access$100(Lsun/java2d/opengl/OGLRenderQueue;)V (5 bytes) @ 0x0000000105c45a5c [0x0000000105c45a00+0x5c]
j  sun.java2d.opengl.OGLRenderQueue$QueueFlusher.run()V+81
v  ~StubRoutines::call_stub

---------------  P R O C E S S  ---------------

Java Threads: ( => current thread )
  0x00007f854b74f800 JavaThread "RMI TCP Connection(idle)" daemon [_thread_blocked, id=36683, stack(0x000070000e31b000,0x000070000e41b000)]
  0x00007f854a915800 JavaThread "RMI TCP Connection(idle)" daemon [_thread_blocked, id=66427, stack(0x000070000d7f1000,0x000070000d8f1000)]
  0x00007f854a1e8000 JavaThread "RMI Scheduler(0)" daemon [_thread_blocked, id=28195, stack(0x000070000e115000,0x000070000e215000)]
  0x00007f854b985800 JavaThread "TimerQueue" daemon [_thread_blocked, id=39191, stack(0x000070000c5b5000,0x000070000c6b5000)]
  0x00007f854b34b000 JavaThread "DestroyJavaVM" [_thread_blocked, id=9987, stack(0x000070000c6bb000,0x000070000c7bb000)]
  0x00007f854b97e000 JavaThread "RMI TCP Accept-1099" daemon [_thread_in_native, id=71427, stack(0x000070000e012000,0x000070000e112000)]
  0x00007f854b2fc800 JavaThread "GC Daemon" daemon [_thread_blocked, id=57347, stack(0x000070000df0f000,0x000070000e00f000)]
  0x00007f854ae99800 JavaThread "RMI Reaper" [_thread_blocked, id=57091, stack(0x000070000de0c000,0x000070000df0c000)]
  0x00007f854b8d2000 JavaThread "RMI TCP Accept-0" daemon [_thread_in_native, id=56719, stack(0x000070000dd09000,0x000070000de09000)]
  0x00007f854a187000 JavaThread "AWT-EventQueue-0" [_thread_blocked, id=55311, stack(0x000070000db83000,0x000070000dc83000)]
  0x00007f854a155800 JavaThread "Java2D Disposer" daemon [_thread_blocked, id=77063, stack(0x000070000da80000,0x000070000db80000)]
=>0x00007f854aa1b800 JavaThread "Java2D Queue Flusher" daemon [_thread_in_native, id=50447, stack(0x000070000d97d000,0x000070000da7d000)]
  0x00007f854a0ef800 JavaThread "AWT-Shutdown" [_thread_blocked, id=38923, stack(0x000070000d568000,0x000070000d668000)]
  0x00007f854b170000 JavaThread "AppKit Thread" daemon [_thread_in_native, id=775, stack(0x00007ffeeb967000,0x00007ffeec167000)]
  0x00007f854a005000 JavaThread "Service Thread" daemon [_thread_blocked, id=17411, stack(0x000070000d2df000,0x000070000d3df000)]
  0x00007f854a060000 JavaThread "C1 CompilerThread2" daemon [_thread_blocked, id=13571, stack(0x000070000d1dc000,0x000070000d2dc000)]
  0x00007f854b824800 JavaThread "C2 CompilerThread1" daemon [_thread_blocked, id=17667, stack(0x000070000d0d9000,0x000070000d1d9000)]
  0x00007f854a819800 JavaThread "C2 CompilerThread0" daemon [_thread_blocked, id=17923, stack(0x000070000cfd6000,0x000070000d0d6000)]
  0x00007f854a04c800 JavaThread "Signal Dispatcher" daemon [_thread_blocked, id=18435, stack(0x000070000ced3000,0x000070000cfd3000)]
  0x00007f854b81f000 JavaThread "Finalizer" daemon [_thread_blocked, id=11267, stack(0x000070000cdd0000,0x000070000ced0000)]
  0x00007f854b800800 JavaThread "Reference Handler" daemon [_thread_blocked, id=20227, stack(0x000070000cccd000,0x000070000cdcd000)]

Other Threads:
  0x00007f854b00f000 VMThread [stack: 0x000070000cbca000,0x000070000ccca000] [id=11011]
  0x00007f854b820000 WatcherThread [stack: 0x000070000d3e2000,0x000070000d4e2000] [id=16899]

VM state:not at safepoint (normal execution)

VM Mutex/Monitor currently owned by a thread: None

Heap:
 PSYoungGen      total 38400K, used 806K [0x0000000795580000, 0x0000000798000000, 0x00000007c0000000)
  eden space 33280K, 2% used [0x0000000795580000,0x0000000795649900,0x0000000797600000)
  from space 5120K, 0% used [0x0000000797600000,0x0000000797600000,0x0000000797b00000)
  to   space 5120K, 0% used [0x0000000797b00000,0x0000000797b00000,0x0000000798000000)
 ParOldGen       total 87552K, used 3102K [0x0000000740000000, 0x0000000745580000, 0x0000000795580000)
  object space 87552K, 3% used [0x0000000740000000,0x0000000740307810,0x0000000745580000)
 Metaspace       used 16255K, capacity 16586K, committed 16896K, reserved 1064960K
  class space    used 1902K, capacity 2015K, committed 2048K, reserved 1048576K

Card table byte_map: [0x00000001148ba000,0x0000000114cbb000] byte_map_base: 0x0000000110eba000

Marking Bits: (ParMarkBitMap*) 0x0000000105208d30
 Begin Bits: [0x0000000114f66000, 0x0000000116f66000)
 End Bits:   [0x0000000116f66000, 0x0000000118f66000)

Polling page: 0x0000000103b07000

CodeCache: size=245760Kb used=9680Kb max_used=9680Kb free=236079Kb
 bounds [0x00000001058ba000, 0x000000010624a000, 0x00000001148ba000]
 total_blobs=3270 nmethods=2722 adapters=459
 compilation: enabled

Compilation events (10 events):
Event: 3530.086 Thread 0x00007f854b824800 3094       4       sun.java2d.SunGraphics2D::translate (68 bytes)
Event: 3530.092 Thread 0x00007f854b824800 nmethod 3094 0x0000000106234d10 code [0x0000000106234ea0, 0x0000000106235188]
Event: 3539.208 Thread 0x00007f854a060000 3095       3       sun.java2d.pipe.ValidatePipe::copyImage (29 bytes)
Event: 3539.209 Thread 0x00007f854a060000 nmethod 3095 0x0000000106234290 code [0x0000000106234440, 0x0000000106234a68]
Event: 3574.720 Thread 0x00007f854a060000 3096       3       sun.swing.SwingUtilities2::convertColumnIndexToView (42 bytes)
Event: 3574.721 Thread 0x00007f854a060000 nmethod 3096 0x0000000106233650 code [0x0000000106233800, 0x0000000106233fa8]
Event: 3605.323 Thread 0x00007f854a060000 3097       1       java.lang.ref.Reference::clear (6 bytes)
Event: 3605.323 Thread 0x00007f854a060000 nmethod 3097 0x00000001062156d0 code [0x0000000106215820, 0x0000000106215950]
Event: 3605.327 Thread 0x00007f854a060000 3098   !   3       sun.java2d.opengl.OGLSurfaceData::dispose (68 bytes)
Event: 3605.329 Thread 0x00007f854a060000 nmethod 3098 0x00000001062354d0 code [0x0000000106235a60, 0x0000000106239db8]

GC Heap History (10 events):
Event: 352.467 GC heap before
{Heap before GC invocations=3 (full 1):
 PSYoungGen      total 38400K, used 33280K [0x0000000795580000, 0x0000000798000000, 0x00000007c0000000)
  eden space 33280K, 100% used [0x0000000795580000,0x0000000797600000,0x0000000797600000)
  from space 5120K, 0% used [0x0000000797600000,0x0000000797600000,0x0000000797b00000)
  to   space 5120K, 0% used [0x0000000797b00000,0x0000000797b00000,0x0000000798000000)
 ParOldGen       total 87552K, used 2331K [0x0000000740000000, 0x0000000745580000, 0x0000000795580000)
  object space 87552K, 2% used [0x0000000740000000,0x0000000740246e90,0x0000000745580000)
 Metaspace       used 13963K, capacity 14196K, committed 14336K, reserved 1062912K
  class space    used 1685K, capacity 1776K, committed 1792K, reserved 1048576K
Event: 352.472 GC heap after
Heap after GC invocations=3 (full 1):
 PSYoungGen      total 38400K, used 5115K [0x0000000795580000, 0x0000000798000000, 0x00000007c0000000)
  eden space 33280K, 0% used [0x0000000795580000,0x0000000795580000,0x0000000797600000)
  from space 5120K, 99% used [0x0000000797b00000,0x0000000797ffec38,0x0000000798000000)
  to   space 5120K, 0% used [0x0000000797600000,0x0000000797600000,0x0000000797b00000)
 ParOldGen       total 87552K, used 5892K [0x0000000740000000, 0x0000000745580000, 0x0000000795580000)
  object space 87552K, 6% used [0x0000000740000000,0x00000007405c10e8,0x0000000745580000)
 Metaspace       used 13963K, capacity 14196K, committed 14336K, reserved 1062912K
  class space    used 1685K, capacity 1776K, committed 1792K, reserved 1048576K
}
Event: 1480.396 GC heap before
{Heap before GC invocations=4 (full 1):
 PSYoungGen      total 38400K, used 38395K [0x0000000795580000, 0x0000000798000000, 0x00000007c0000000)
  eden space 33280K, 100% used [0x0000000795580000,0x0000000797600000,0x0000000797600000)
  from space 5120K, 99% used [0x0000000797b00000,0x0000000797ffec38,0x0000000798000000)
  to   space 5120K, 0% used [0x0000000797600000,0x0000000797600000,0x0000000797b00000)
 ParOldGen       total 87552K, used 5892K [0x0000000740000000, 0x0000000745580000, 0x0000000795580000)
  object space 87552K, 6% used [0x0000000740000000,0x00000007405c10e8,0x0000000745580000)
 Metaspace       used 15949K, capacity 16250K, committed 16384K, reserved 1062912K
  class space    used 1907K, capacity 2027K, committed 2048K, reserved 1048576K
Event: 1480.407 GC heap after
Heap after GC invocations=4 (full 1):
 PSYoungGen      total 38400K, used 5117K [0x0000000795580000, 0x0000000798000000, 0x00000007c0000000)
  eden space 33280K, 0% used [0x0000000795580000,0x0000000795580000,0x0000000797600000)
  from space 5120K, 99% used [0x0000000797600000,0x0000000797aff498,0x0000000797b00000)
  to   space 5120K, 0% used [0x0000000797b00000,0x0000000797b00000,0x0000000798000000)
 ParOldGen       total 87552K, used 9968K [0x0000000740000000, 0x0000000745580000, 0x0000000795580000)
  object space 87552K, 11% used [0x0000000740000000,0x00000007409bc138,0x0000000745580000)
 Metaspace       used 15949K, capacity 16250K, committed 16384K, reserved 1062912K
  class space    used 1907K, capacity 2027K, committed 2048K, reserved 1048576K
}
Event: 3364.119 GC heap before
{Heap before GC invocations=5 (full 1):
 PSYoungGen      total 38400K, used 38397K [0x0000000795580000, 0x0000000798000000, 0x00000007c0000000)
  eden space 33280K, 100% used [0x0000000795580000,0x0000000797600000,0x0000000797600000)
  from space 5120K, 99% used [0x0000000797600000,0x0000000797aff498,0x0000000797b00000)
  to   space 5120K, 0% used [0x0000000797b00000,0x0000000797b00000,0x0000000798000000)
 ParOldGen       total 87552K, used 9968K [0x0000000740000000, 0x0000000745580000, 0x0000000795580000)
  object space 87552K, 11% used [0x0000000740000000,0x00000007409bc138,0x0000000745580000)
 Metaspace       used 16281K, capacity 16582K, committed 16896K, reserved 1064960K
  class space    used 1909K, capacity 2029K, committed 2048K, reserved 1048576K
Event: 3364.134 GC heap after
Heap after GC invocations=5 (full 1):
 PSYoungGen      total 38400K, used 5108K [0x0000000795580000, 0x0000000798000000, 0x00000007c0000000)
  eden space 33280K, 0% used [0x0000000795580000,0x0000000795580000,0x0000000797600000)
  from space 5120K, 99% used [0x0000000797b00000,0x0000000797ffd0e8,0x0000000798000000)
  to   space 5120K, 0% used [0x0000000797600000,0x0000000797600000,0x0000000797b00000)
 ParOldGen       total 87552K, used 11448K [0x0000000740000000, 0x0000000745580000, 0x0000000795580000)
  object space 87552K, 13% used [0x0000000740000000,0x0000000740b2e1c0,0x0000000745580000)
 Metaspace       used 16281K, capacity 16582K, committed 16896K, reserved 1064960K
  class space    used 1909K, capacity 2029K, committed 2048K, reserved 1048576K
}
Event: 3605.274 GC heap before
{Heap before GC invocations=6 (full 1):
 PSYoungGen      total 38400K, used 9523K [0x0000000795580000, 0x0000000798000000, 0x00000007c0000000)
  eden space 33280K, 13% used [0x0000000795580000,0x00000007959cfde0,0x0000000797600000)
  from space 5120K, 99% used [0x0000000797b00000,0x0000000797ffd0e8,0x0000000798000000)
  to   space 5120K, 0% used [0x0000000797600000,0x0000000797600000,0x0000000797b00000)
 ParOldGen       total 87552K, used 11448K [0x0000000740000000, 0x0000000745580000, 0x0000000795580000)
  object space 87552K, 13% used [0x0000000740000000,0x0000000740b2e1c0,0x0000000745580000)
 Metaspace       used 16291K, capacity 16646K, committed 16896K, reserved 1064960K
  class space    used 1909K, capacity 2029K, committed 2048K, reserved 1048576K
Event: 3605.279 GC heap after
Heap after GC invocations=6 (full 1):
 PSYoungGen      total 38400K, used 2772K [0x0000000795580000, 0x0000000798000000, 0x00000007c0000000)
  eden space 33280K, 0% used [0x0000000795580000,0x0000000795580000,0x0000000797600000)
  from space 5120K, 54% used [0x0000000797600000,0x00000007978b5148,0x0000000797b00000)
  to   space 5120K, 0% used [0x0000000797b00000,0x0000000797b00000,0x0000000798000000)
 ParOldGen       total 87552K, used 11448K [0x0000000740000000, 0x0000000745580000, 0x0000000795580000)
  object space 87552K, 13% used [0x0000000740000000,0x0000000740b2e1c0,0x0000000745580000)
 Metaspace       used 16291K, capacity 16646K, committed 16896K, reserved 1064960K
  class space    used 1909K, capacity 2029K, committed 2048K, reserved 1048576K
}
Event: 3605.279 GC heap before
{Heap before GC invocations=7 (full 2):
 PSYoungGen      total 38400K, used 2772K [0x0000000795580000, 0x0000000798000000, 0x00000007c0000000)
  eden space 33280K, 0% used [0x0000000795580000,0x0000000795580000,0x0000000797600000)
  from space 5120K, 54% used [0x0000000797600000,0x00000007978b5148,0x0000000797b00000)
  to   space 5120K, 0% used [0x0000000797b00000,0x0000000797b00000,0x0000000798000000)
 ParOldGen       total 87552K, used 11448K [0x0000000740000000, 0x0000000745580000, 0x0000000795580000)
  object space 87552K, 13% used [0x0000000740000000,0x0000000740b2e1c0,0x0000000745580000)
 Metaspace       used 16291K, capacity 16646K, committed 16896K, reserved 1064960K
  class space    used 1909K, capacity 2029K, committed 2048K, reserved 1048576K
Event: 3605.320 GC heap after
Heap after GC invocations=7 (full 2):
 PSYoungGen      total 38400K, used 0K [0x0000000795580000, 0x0000000798000000, 0x00000007c0000000)
  eden space 33280K, 0% used [0x0000000795580000,0x0000000795580000,0x0000000797600000)
  from space 5120K, 0% used [0x0000000797600000,0x0000000797600000,0x0000000797b00000)
  to   space 5120K, 0% used [0x0000000797b00000,0x0000000797b00000,0x0000000798000000)
 ParOldGen       total 87552K, used 3102K [0x0000000740000000, 0x0000000745580000, 0x0000000795580000)
  object space 87552K, 3% used [0x0000000740000000,0x0000000740307810,0x0000000745580000)
 Metaspace       used 16254K, capacity 16586K, committed 16896K, reserved 1064960K
  class space    used 1902K, capacity 2015K, committed 2048K, reserved 1048576K
}

Deoptimization events (10 events):
Event: 1497.727 Thread 0x00007f854b02d800 Uncommon trap: reason=unstable_if action=reinterpret pc=0x0000000105ac0e4c method=java.io.ObjectOutputStream$BlockDataOutputStream.getUTFLength(Ljava/lang/String;)J @ 73
Event: 2861.854 Thread 0x00007f854b170000 Uncommon trap: reason=null_check action=make_not_entrant pc=0x0000000105dd0a6c method=java.awt.geom.AffineTransform.equals(Ljava/lang/Object;)Z @ 1
Event: 2862.095 Thread 0x00007f854a187000 Uncommon trap: reason=unstable_if action=reinterpret pc=0x000000010608fae8 method=sun.java2d.pipe.Region.getIntersectionXYXY(IIII)Lsun/java2d/pipe/Region; @ 55
Event: 2862.099 Thread 0x00007f854a187000 Uncommon trap: reason=class_check action=maybe_recompile pc=0x0000000106154f60 method=sun.java2d.pipe.ValidatePipe.drawString(Lsun/java2d/SunGraphics2D;Ljava/lang/String;DD)V @ 17
Event: 2862.100 Thread 0x00007f854a187000 Uncommon trap: reason=unstable_if action=reinterpret pc=0x0000000105fdef60 method=sun.java2d.SunGraphics2D.getCompClip()Lsun/java2d/pipe/Region; @ 7
Event: 2862.101 Thread 0x00007f854a187000 Uncommon trap: reason=unstable_if action=reinterpret pc=0x000000010602f2a4 method=sun.java2d.pipe.Region.getIntersectionXYXY(IIII)Lsun/java2d/pipe/Region; @ 55
Event: 2862.105 Thread 0x00007f854a187000 Uncommon trap: reason=class_check action=maybe_recompile pc=0x0000000106154f60 method=sun.java2d.pipe.ValidatePipe.drawString(Lsun/java2d/SunGraphics2D;Ljava/lang/String;DD)V @ 17
Event: 2862.105 Thread 0x00007f854a187000 Uncommon trap: reason=class_check action=maybe_recompile pc=0x0000000106154f60 method=sun.java2d.pipe.ValidatePipe.drawString(Lsun/java2d/SunGraphics2D;Ljava/lang/String;DD)V @ 17
Event: 2862.105 Thread 0x00007f854a187000 Uncommon trap: reason=class_check action=maybe_recompile pc=0x0000000106154f60 method=sun.java2d.pipe.ValidatePipe.drawString(Lsun/java2d/SunGraphics2D;Ljava/lang/String;DD)V @ 17
Event: 2862.127 Thread 0x00007f854a187000 Uncommon trap: reason=class_check action=maybe_recompile pc=0x00000001060f8974 method=sun.java2d.pipe.ValidatePipe.drawString(Lsun/java2d/SunGraphics2D;Ljava/lang/String;DD)V @ 17

Internal exceptions (10 events):
Event: 3574.266 Thread 0x00007f854b74f800 Exception <a 'sun/net/ConnectionResetException': Connection reset> (0x000000079594f608) thrown at [/Users/java_re/workspace/8-2-build-macosx-x86_64/jdk8u121/8372/hotspot/src/share/vm/prims/jni.cpp, line 735]
Event: 3574.266 Thread 0x00007f854a915800 Exception <a 'sun/net/ConnectionResetException': Connection reset> (0x000000079596d0c8) thrown at [/Users/java_re/workspace/8-2-build-macosx-x86_64/jdk8u121/8372/hotspot/src/share/vm/prims/jni.cpp, line 735]
Event: 3574.727 Thread 0x00007f854a915800 Exception <a 'sun/net/ConnectionResetException': Connection reset> (0x0000000795973338) thrown at [/Users/java_re/workspace/8-2-build-macosx-x86_64/jdk8u121/8372/hotspot/src/share/vm/prims/jni.cpp, line 735]
Event: 3574.727 Thread 0x00007f854b74f800 Exception <a 'sun/net/ConnectionResetException': Connection reset> (0x0000000795992c00) thrown at [/Users/java_re/workspace/8-2-build-macosx-x86_64/jdk8u121/8372/hotspot/src/share/vm/prims/jni.cpp, line 735]
Event: 3581.686 Thread 0x00007f854a915800 Exception <a 'sun/net/ConnectionResetException': Connection reset> (0x00000007959795a8) thrown at [/Users/java_re/workspace/8-2-build-macosx-x86_64/jdk8u121/8372/hotspot/src/share/vm/prims/jni.cpp, line 735]
Event: 3581.686 Thread 0x00007f854b74f800 Exception <a 'sun/net/ConnectionResetException': Connection reset> (0x000000079599b528) thrown at [/Users/java_re/workspace/8-2-build-macosx-x86_64/jdk8u121/8372/hotspot/src/share/vm/prims/jni.cpp, line 735]
Event: 3590.457 Thread 0x00007f854a915800 Exception <a 'sun/net/ConnectionResetException': Connection reset> (0x00000007959b0d90) thrown at [/Users/java_re/workspace/8-2-build-macosx-x86_64/jdk8u121/8372/hotspot/src/share/vm/prims/jni.cpp, line 735]
Event: 3590.457 Thread 0x00007f854b74f800 Exception <a 'sun/net/ConnectionResetException': Connection reset> (0x00000007959a1880) thrown at [/Users/java_re/workspace/8-2-build-macosx-x86_64/jdk8u121/8372/hotspot/src/share/vm/prims/jni.cpp, line 735]
Event: 3604.621 Thread 0x00007f854b74f800 Exception <a 'sun/net/ConnectionResetException': Connection reset> (0x00000007959c5160) thrown at [/Users/java_re/workspace/8-2-build-macosx-x86_64/jdk8u121/8372/hotspot/src/share/vm/prims/jni.cpp, line 735]
Event: 3604.621 Thread 0x00007f854a915800 Exception <a 'sun/net/ConnectionResetException': Connection reset> (0x00000007959b7000) thrown at [/Users/java_re/workspace/8-2-build-macosx-x86_64/jdk8u121/8372/hotspot/src/share/vm/prims/jni.cpp, line 735]

Events (10 events):
Event: 3605.322 Executing VM operation: RevokeBias
Event: 3605.322 Executing VM operation: RevokeBias done
Event: 3605.322 Executing VM operation: RevokeBias
Event: 3605.322 Executing VM operation: RevokeBias done
Event: 3605.322 Executing VM operation: BulkRevokeBias
Event: 3605.322 Executing VM operation: BulkRevokeBias done
Event: 3605.325 Executing VM operation: RevokeBias
Event: 3605.325 Executing VM operation: RevokeBias done
Event: 3605.325 loading class sun/font/StrikeCache$2
Event: 3605.325 loading class sun/font/StrikeCache$2 done


Dynamic libraries:
0x0000000025567000 	/System/Library/Frameworks/Cocoa.framework/Versions/A/Cocoa
0x0000000025567000 	/System/Library/Frameworks/Security.framework/Versions/A/Security
0x0000000025567000 	/System/Library/Frameworks/ApplicationServices.framework/Versions/A/ApplicationServices
0x0000000025567000 	/usr/lib/libz.1.dylib
0x0000000025567000 	/usr/lib/libSystem.B.dylib
0x0000000025567000 	/usr/lib/libobjc.A.dylib
0x0000000025567000 	/System/Library/Frameworks/CoreFoundation.framework/Versions/A/CoreFoundation
0x0000000025567000 	/System/Library/Frameworks/Foundation.framework/Versions/C/Foundation
0x0000000025567000 	/System/Library/Frameworks/AppKit.framework/Versions/C/AppKit
0x0000000025567000 	/System/Library/Frameworks/CoreData.framework/Versions/A/CoreData
0x0000000025567000 	/System/Library/PrivateFrameworks/RemoteViewServices.framework/Versions/A/RemoteViewServices
0x0000000025567000 	/System/Library/PrivateFrameworks/UIFoundation.framework/Versions/A/UIFoundation
0x0000000025567000 	/System/Library/PrivateFrameworks/XCTTargetBootstrap.framework/Versions/A/XCTTargetBootstrap
0x0000000025567000 	/System/Library/PrivateFrameworks/IconServices.framework/Versions/A/IconServices
0x0000000025567000 	/System/Library/Frameworks/Metal.framework/Versions/A/Metal
0x0000000025567000 	/System/Library/PrivateFrameworks/DesktopServicesPriv.framework/Versions/A/DesktopServicesPriv
0x0000000025567000 	/usr/lib/libenergytrace.dylib
0x0000000025567000 	/System/Library/PrivateFrameworks/SkyLight.framework/Versions/A/SkyLight
0x0000000025567000 	/System/Library/Frameworks/CoreGraphics.framework/Versions/A/CoreGraphics
0x0000000025567000 	/System/Library/Frameworks/Accelerate.framework/Versions/A/Accelerate
0x0000000025567000 	/System/Library/Frameworks/IOSurface.framework/Versions/A/IOSurface
0x0000000025567000 	/System/Library/PrivateFrameworks/DFRFoundation.framework/Versions/A/DFRFoundation
0x0000000025567000 	/System/Library/Frameworks/AudioToolbox.framework/Versions/A/AudioToolbox
0x0000000025567000 	/System/Library/Frameworks/AudioUnit.framework/Versions/A/AudioUnit
0x0000000025567000 	/System/Library/PrivateFrameworks/DataDetectorsCore.framework/Versions/A/DataDetectorsCore
0x0000000025567000 	/System/Library/Frameworks/Carbon.framework/Versions/A/Frameworks/HIToolbox.framework/Versions/A/HIToolbox
0x0000000025567000 	/usr/lib/libicucore.A.dylib
0x0000000025567000 	/System/Library/Frameworks/QuartzCore.framework/Versions/A/QuartzCore
0x0000000025567000 	/System/Library/Frameworks/Carbon.framework/Versions/A/Frameworks/SpeechRecognition.framework/Versions/A/SpeechRecognition
0x0000000025567000 	/usr/lib/libauto.dylib
0x0000000025567000 	/usr/lib/libxml2.2.dylib
0x0000000025567000 	/System/Library/PrivateFrameworks/CoreUI.framework/Versions/A/CoreUI
0x0000000025567000 	/System/Library/Frameworks/CoreAudio.framework/Versions/A/CoreAudio
0x0000000025567000 	/System/Library/Frameworks/DiskArbitration.framework/Versions/A/DiskArbitration
0x0000000025567000 	/usr/lib/liblangid.dylib
0x0000000025567000 	/System/Library/PrivateFrameworks/MultitouchSupport.framework/Versions/A/MultitouchSupport
0x0000000025567000 	/System/Library/Frameworks/IOKit.framework/Versions/A/IOKit
0x0000000025567000 	/usr/lib/libDiagnosticMessagesClient.dylib
0x0000000025567000 	/System/Library/Frameworks/CoreServices.framework/Versions/A/CoreServices
0x0000000025567000 	/System/Library/PrivateFrameworks/PerformanceAnalysis.framework/Versions/A/PerformanceAnalysis
0x0000000025567000 	/System/Library/Frameworks/OpenGL.framework/Versions/A/OpenGL
0x0000000025567000 	/System/Library/Frameworks/ColorSync.framework/Versions/A/ColorSync
0x0000000025567000 	/System/Library/Frameworks/CoreImage.framework/Versions/A/CoreImage
0x0000000025567000 	/System/Library/Frameworks/CoreText.framework/Versions/A/CoreText
0x0000000025567000 	/System/Library/Frameworks/ImageIO.framework/Versions/A/ImageIO
0x0000000025567000 	/System/Library/PrivateFrameworks/Backup.framework/Versions/A/Backup
0x0000000025567000 	/usr/lib/libarchive.2.dylib
0x0000000025567000 	/System/Library/Frameworks/CFNetwork.framework/Versions/A/CFNetwork
0x0000000025567000 	/System/Library/Frameworks/SystemConfiguration.framework/Versions/A/SystemConfiguration
0x0000000025567000 	/usr/lib/libCRFSuite.dylib
0x0000000025567000 	/usr/lib/libc++.1.dylib
0x0000000025567000 	/usr/lib/libc++abi.dylib
0x0000000025567000 	/usr/lib/system/libcache.dylib
0x0000000025567000 	/usr/lib/system/libcommonCrypto.dylib
0x0000000025567000 	/usr/lib/system/libcompiler_rt.dylib
0x0000000025567000 	/usr/lib/system/libcopyfile.dylib
0x0000000025567000 	/usr/lib/system/libcorecrypto.dylib
0x0000000025567000 	/usr/lib/system/libdispatch.dylib
0x0000000025567000 	/usr/lib/system/libdyld.dylib
0x0000000025567000 	/usr/lib/system/libkeymgr.dylib
0x0000000025567000 	/usr/lib/system/liblaunch.dylib
0x0000000025567000 	/usr/lib/system/libmacho.dylib
0x0000000025567000 	/usr/lib/system/libquarantine.dylib
0x0000000025567000 	/usr/lib/system/libremovefile.dylib
0x0000000025567000 	/usr/lib/system/libsystem_asl.dylib
0x0000000025567000 	/usr/lib/system/libsystem_blocks.dylib
0x0000000025567000 	/usr/lib/system/libsystem_c.dylib
0x0000000025567000 	/usr/lib/system/libsystem_configuration.dylib
0x0000000025567000 	/usr/lib/system/libsystem_coreservices.dylib
0x0000000025567000 	/usr/lib/system/libsystem_darwin.dylib
0x0000000025567000 	/usr/lib/system/libsystem_dnssd.dylib
0x0000000025567000 	/usr/lib/system/libsystem_info.dylib
0x0000000025567000 	/usr/lib/system/libsystem_m.dylib
0x0000000025567000 	/usr/lib/system/libsystem_malloc.dylib
0x0000000025567000 	/usr/lib/system/libsystem_networkextension.dylib
0x0000000025567000 	/usr/lib/system/libsystem_notify.dylib
0x0000000025567000 	/usr/lib/system/libsystem_sandbox.dylib
0x0000000025567000 	/usr/lib/system/libsystem_secinit.dylib
0x0000000025567000 	/usr/lib/system/libsystem_kernel.dylib
0x0000000025567000 	/usr/lib/system/libsystem_platform.dylib
0x0000000025567000 	/usr/lib/system/libsystem_pthread.dylib
0x0000000025567000 	/usr/lib/system/libsystem_symptoms.dylib
0x0000000025567000 	/usr/lib/system/libsystem_trace.dylib
0x0000000025567000 	/usr/lib/system/libunwind.dylib
0x0000000025567000 	/usr/lib/system/libxpc.dylib
0x0000000025567000 	/usr/lib/libbsm.0.dylib
0x0000000025567000 	/usr/lib/system/libkxld.dylib
0x0000000025567000 	/System/Library/PrivateFrameworks/AppleFSCompression.framework/Versions/A/AppleFSCompression
0x0000000025567000 	/usr/lib/libOpenScriptingUtil.dylib
0x0000000025567000 	/usr/lib/libcoretls.dylib
0x0000000025567000 	/usr/lib/libcoretls_cfhelpers.dylib
0x0000000025567000 	/usr/lib/libpam.2.dylib
0x0000000025567000 	/usr/lib/libsqlite3.dylib
0x0000000025567000 	/usr/lib/libxar.1.dylib
0x0000000025567000 	/usr/lib/libbz2.1.0.dylib
0x0000000025567000 	/usr/lib/liblzma.5.dylib
0x0000000025567000 	/usr/lib/libnetwork.dylib
0x0000000025567000 	/usr/lib/libapple_nghttp2.dylib
0x0000000025567000 	/usr/lib/libpcap.A.dylib
0x0000000025567000 	/System/Library/Frameworks/CoreServices.framework/Versions/A/Frameworks/FSEvents.framework/Versions/A/FSEvents
0x0000000025567000 	/System/Library/Frameworks/CoreServices.framework/Versions/A/Frameworks/CarbonCore.framework/Versions/A/CarbonCore
0x0000000025567000 	/System/Library/Frameworks/CoreServices.framework/Versions/A/Frameworks/Metadata.framework/Versions/A/Metadata
0x0000000025567000 	/System/Library/Frameworks/CoreServices.framework/Versions/A/Frameworks/OSServices.framework/Versions/A/OSServices
0x0000000025567000 	/System/Library/Frameworks/CoreServices.framework/Versions/A/Frameworks/SearchKit.framework/Versions/A/SearchKit
0x0000000025567000 	/System/Library/Frameworks/CoreServices.framework/Versions/A/Frameworks/AE.framework/Versions/A/AE
0x0000000025567000 	/System/Library/Frameworks/CoreServices.framework/Versions/A/Frameworks/LaunchServices.framework/Versions/A/LaunchServices
0x0000000025567000 	/System/Library/Frameworks/CoreServices.framework/Versions/A/Frameworks/DictionaryServices.framework/Versions/A/DictionaryServices
0x0000000025567000 	/System/Library/Frameworks/CoreServices.framework/Versions/A/Frameworks/SharedFileList.framework/Versions/A/SharedFileList
0x0000000025567000 	/System/Library/Frameworks/NetFS.framework/Versions/A/NetFS
0x0000000025567000 	/System/Library/PrivateFrameworks/NetAuth.framework/Versions/A/NetAuth
0x0000000025567000 	/System/Library/PrivateFrameworks/login.framework/Versions/A/Frameworks/loginsupport.framework/Versions/A/loginsupport
0x0000000025567000 	/System/Library/PrivateFrameworks/TCC.framework/Versions/A/TCC
0x0000000025567000 	/System/Library/PrivateFrameworks/CoreNLP.framework/Versions/A/CoreNLP
0x0000000025567000 	/System/Library/PrivateFrameworks/MetadataUtilities.framework/Versions/A/MetadataUtilities
0x0000000025567000 	/usr/lib/libmecabra.dylib
0x0000000025567000 	/System/Library/Frameworks/ApplicationServices.framework/Versions/A/Frameworks/ATS.framework/Versions/A/ATS
0x0000000025567000 	/System/Library/Frameworks/ApplicationServices.framework/Versions/A/Frameworks/ColorSyncLegacy.framework/Versions/A/ColorSyncLegacy
0x0000000025567000 	/System/Library/Frameworks/ApplicationServices.framework/Versions/A/Frameworks/HIServices.framework/Versions/A/HIServices
0x0000000025567000 	/System/Library/Frameworks/ApplicationServices.framework/Versions/A/Frameworks/LangAnalysis.framework/Versions/A/LangAnalysis
0x0000000025567000 	/System/Library/Frameworks/ApplicationServices.framework/Versions/A/Frameworks/PrintCore.framework/Versions/A/PrintCore
0x0000000025567000 	/System/Library/Frameworks/ApplicationServices.framework/Versions/A/Frameworks/QD.framework/Versions/A/QD
0x0000000025567000 	/System/Library/Frameworks/ApplicationServices.framework/Versions/A/Frameworks/SpeechSynthesis.framework/Versions/A/SpeechSynthesis
0x0000000025567000 	/usr/lib/libcompression.dylib
0x0000000025567000 	/System/Library/Frameworks/CoreDisplay.framework/Versions/A/CoreDisplay
0x0000000025567000 	/System/Library/Frameworks/MetalPerformanceShaders.framework/Versions/A/MetalPerformanceShaders
0x0000000025567000 	/System/Library/Frameworks/Accelerate.framework/Versions/A/Frameworks/vImage.framework/Versions/A/vImage
0x0000000025567000 	/System/Library/Frameworks/Accelerate.framework/Versions/A/Frameworks/vecLib.framework/Versions/A/vecLib
0x0000000025567000 	/System/Library/Frameworks/Accelerate.framework/Versions/A/Frameworks/vecLib.framework/Versions/A/libvMisc.dylib
0x0000000025567000 	/System/Library/Frameworks/Accelerate.framework/Versions/A/Frameworks/vecLib.framework/Versions/A/libvDSP.dylib
0x0000000025567000 	/System/Library/Frameworks/Accelerate.framework/Versions/A/Frameworks/vecLib.framework/Versions/A/libBLAS.dylib
0x0000000025567000 	/System/Library/Frameworks/Accelerate.framework/Versions/A/Frameworks/vecLib.framework/Versions/A/libLAPACK.dylib
0x0000000025567000 	/System/Library/Frameworks/Accelerate.framework/Versions/A/Frameworks/vecLib.framework/Versions/A/libLinearAlgebra.dylib
0x0000000025567000 	/System/Library/Frameworks/Accelerate.framework/Versions/A/Frameworks/vecLib.framework/Versions/A/libSparseBLAS.dylib
0x0000000025567000 	/System/Library/Frameworks/Accelerate.framework/Versions/A/Frameworks/vecLib.framework/Versions/A/libQuadrature.dylib
0x0000000025567000 	/System/Library/Frameworks/Accelerate.framework/Versions/A/Frameworks/vecLib.framework/Versions/A/libBNNS.dylib
0x0000000025567000 	/System/Library/Frameworks/Accelerate.framework/Versions/A/Frameworks/vecLib.framework/Versions/A/libSparse.dylib
0x0000000025567000 	/System/Library/PrivateFrameworks/GPUWrangler.framework/Versions/A/GPUWrangler
0x0000000025567000 	/System/Library/PrivateFrameworks/IOAccelerator.framework/Versions/A/IOAccelerator
0x0000000025567000 	/System/Library/PrivateFrameworks/IOPresentment.framework/Versions/A/IOPresentment
0x0000000025567000 	/System/Library/PrivateFrameworks/DSExternalDisplay.framework/Versions/A/DSExternalDisplay
0x0000000025567000 	/System/Library/Frameworks/OpenGL.framework/Versions/A/Libraries/libCoreFSCache.dylib
0x0000000025567000 	/System/Library/Frameworks/MetalPerformanceShaders.framework/Frameworks/MPSCore.framework/Versions/A/MPSCore
0x0000000025567000 	/System/Library/Frameworks/MetalPerformanceShaders.framework/Frameworks/MPSImage.framework/Versions/A/MPSImage
0x0000000025567000 	/System/Library/Frameworks/MetalPerformanceShaders.framework/Frameworks/MPSNeuralNetwork.framework/Versions/A/MPSNeuralNetwork
0x0000000025567000 	/System/Library/Frameworks/MetalPerformanceShaders.framework/Frameworks/MPSMatrix.framework/Versions/A/MPSMatrix
0x0000000025567000 	/System/Library/Frameworks/MetalPerformanceShaders.framework/Frameworks/MPSRayIntersector.framework/Versions/A/MPSRayIntersector
0x0000000025567000 	/System/Library/PrivateFrameworks/MetalTools.framework/Versions/A/MetalTools
0x0000000025567000 	/System/Library/PrivateFrameworks/AggregateDictionary.framework/Versions/A/AggregateDictionary
0x0000000025567000 	/usr/lib/libMobileGestalt.dylib
0x0000000025567000 	/System/Library/Frameworks/CoreVideo.framework/Versions/A/CoreVideo
0x0000000025567000 	/System/Library/PrivateFrameworks/GraphVisualizer.framework/Versions/A/GraphVisualizer
0x0000000025567000 	/System/Library/PrivateFrameworks/FaceCore.framework/Versions/A/FaceCore
0x0000000025567000 	/System/Library/Frameworks/OpenCL.framework/Versions/A/OpenCL
0x0000000025567000 	/usr/lib/libFosl_dynamic.dylib
0x0000000025567000 	/System/Library/PrivateFrameworks/OTSVG.framework/Versions/A/OTSVG
0x0000000025567000 	/System/Library/Frameworks/ApplicationServices.framework/Versions/A/Frameworks/ATS.framework/Versions/A/Resources/libFontParser.dylib
0x0000000025567000 	/System/Library/Frameworks/ApplicationServices.framework/Versions/A/Frameworks/ATS.framework/Versions/A/Resources/libFontRegistry.dylib
0x0000000025567000 	/System/Library/Frameworks/ImageIO.framework/Versions/A/Resources/libJPEG.dylib
0x0000000025567000 	/System/Library/Frameworks/ImageIO.framework/Versions/A/Resources/libTIFF.dylib
0x0000000025567000 	/System/Library/Frameworks/ImageIO.framework/Versions/A/Resources/libPng.dylib
0x0000000025567000 	/System/Library/Frameworks/ImageIO.framework/Versions/A/Resources/libGIF.dylib
0x0000000025567000 	/System/Library/Frameworks/ImageIO.framework/Versions/A/Resources/libJP2.dylib
0x0000000025567000 	/System/Library/Frameworks/ImageIO.framework/Versions/A/Resources/libRadiance.dylib
0x0000000025567000 	/System/Library/PrivateFrameworks/AppleJPEG.framework/Versions/A/AppleJPEG
0x0000000025567000 	/System/Library/Frameworks/OpenGL.framework/Versions/A/Libraries/libGFXShared.dylib
0x0000000025567000 	/System/Library/Frameworks/OpenGL.framework/Versions/A/Libraries/libGLU.dylib
0x0000000025567000 	/System/Library/Frameworks/OpenGL.framework/Versions/A/Libraries/libGL.dylib
0x0000000025567000 	/System/Library/Frameworks/OpenGL.framework/Versions/A/Libraries/libGLImage.dylib
0x0000000025567000 	/System/Library/Frameworks/OpenGL.framework/Versions/A/Libraries/libCVMSPluginSupport.dylib
0x0000000025567000 	/System/Library/Frameworks/OpenGL.framework/Versions/A/Libraries/libCoreVMClient.dylib
0x0000000025567000 	/usr/lib/libcups.2.dylib
0x0000000025567000 	/System/Library/Frameworks/Kerberos.framework/Versions/A/Kerberos
0x0000000025567000 	/System/Library/Frameworks/GSS.framework/Versions/A/GSS
0x0000000025567000 	/usr/lib/libresolv.9.dylib
0x0000000025567000 	/usr/lib/libiconv.2.dylib
0x0000000025567000 	/System/Library/PrivateFrameworks/Heimdal.framework/Versions/A/Heimdal
0x0000000025567000 	/usr/lib/libheimdal-asn1.dylib
0x0000000025567000 	/System/Library/Frameworks/OpenDirectory.framework/Versions/A/OpenDirectory
0x0000000025567000 	/System/Library/PrivateFrameworks/CommonAuth.framework/Versions/A/CommonAuth
0x0000000025567000 	/System/Library/Frameworks/OpenDirectory.framework/Versions/A/Frameworks/CFOpenDirectory.framework/Versions/A/CFOpenDirectory
0x0000000025567000 	/System/Library/Frameworks/SecurityFoundation.framework/Versions/A/SecurityFoundation
0x0000000025567000 	/System/Library/PrivateFrameworks/APFS.framework/Versions/A/APFS
0x0000000025567000 	/usr/lib/libutil.dylib
0x0000000025567000 	/usr/lib/libcharset.1.dylib
0x0000000025567000 	/System/Library/PrivateFrameworks/AppleSauce.framework/Versions/A/AppleSauce
0x0000000025567000 	/System/Library/PrivateFrameworks/AssertionServices.framework/Versions/A/AssertionServices
0x0000000025567000 	/System/Library/PrivateFrameworks/BaseBoard.framework/Versions/A/BaseBoard
0x0000000025567000 	/usr/lib/libmecab.1.0.0.dylib
0x0000000025567000 	/usr/lib/libgermantok.dylib
0x0000000025567000 	/usr/lib/libThaiTokenizer.dylib
0x0000000025567000 	/usr/lib/libChineseTokenizer.dylib
0x0000000025567000 	/System/Library/PrivateFrameworks/LanguageModeling.framework/Versions/A/LanguageModeling
0x0000000025567000 	/System/Library/PrivateFrameworks/CoreEmoji.framework/Versions/A/CoreEmoji
0x0000000025567000 	/System/Library/PrivateFrameworks/Lexicon.framework/Versions/A/Lexicon
0x0000000025567000 	/System/Library/PrivateFrameworks/LinguisticData.framework/Versions/A/LinguisticData
0x0000000025567000 	/usr/lib/libcmph.dylib
0x0000000025567000 	/System/Library/Frameworks/ServiceManagement.framework/Versions/A/ServiceManagement
0x0000000025567000 	/System/Library/PrivateFrameworks/BackgroundTaskManagement.framework/Versions/A/BackgroundTaskManagement
0x0000000025567000 	/usr/lib/libxslt.1.dylib
0x0000000025567000 	/System/Library/Frameworks/Carbon.framework/Versions/A/Frameworks/Ink.framework/Versions/A/Ink
0x0000000025567000 	/System/Library/PrivateFrameworks/TextureIO.framework/Versions/A/TextureIO
0x0000000025567000 	/usr/lib/libate.dylib
0x0000000025567000 	/System/Library/PrivateFrameworks/CrashReporterSupport.framework/Versions/A/CrashReporterSupport
0x0000000025567000 	/System/Library/PrivateFrameworks/Sharing.framework/Versions/A/Sharing
0x0000000025567000 	/System/Library/PrivateFrameworks/AuthKit.framework/Versions/A/AuthKit
0x0000000025567000 	/System/Library/PrivateFrameworks/Apple80211.framework/Versions/A/Apple80211
0x0000000025567000 	/System/Library/PrivateFrameworks/CoreUtils.framework/Versions/A/CoreUtils
0x0000000025567000 	/System/Library/Frameworks/CoreWLAN.framework/Versions/A/CoreWLAN
0x0000000025567000 	/System/Library/Frameworks/IOBluetooth.framework/Versions/A/IOBluetooth
0x0000000025567000 	/System/Library/PrivateFrameworks/ProtocolBuffer.framework/Versions/A/ProtocolBuffer
0x0000000025567000 	/System/Library/PrivateFrameworks/MobileKeyBag.framework/Versions/A/MobileKeyBag
0x0000000025567000 	/System/Library/PrivateFrameworks/CorePhoneNumbers.framework/Versions/A/CorePhoneNumbers
0x0000000025567000 	/System/Library/PrivateFrameworks/AppleIDAuthSupport.framework/Versions/A/AppleIDAuthSupport
0x0000000025567000 	/System/Library/PrivateFrameworks/KeychainCircle.framework/Versions/A/KeychainCircle
0x0000000025567000 	/System/Library/PrivateFrameworks/ROCKit.framework/Versions/A/ROCKit
0x0000000025567000 	/System/Library/PrivateFrameworks/CoreWiFi.framework/Versions/A/CoreWiFi
0x0000000025567000 	/System/Library/Frameworks/CoreBluetooth.framework/Versions/A/CoreBluetooth
0x0000000025567000 	/System/Library/PrivateFrameworks/DebugSymbols.framework/Versions/A/DebugSymbols
0x0000000025567000 	/System/Library/PrivateFrameworks/CoreSymbolication.framework/Versions/A/CoreSymbolication
0x0000000025567000 	/System/Library/PrivateFrameworks/Symbolication.framework/Versions/A/Symbolication
0x0000000025567000 	/System/Library/PrivateFrameworks/SpeechRecognitionCore.framework/Versions/A/SpeechRecognitionCore
0x0000000104918000 	/Library/Java/JavaVirtualMachines/jdk1.8.0_121.jdk/Contents/Home/jre/lib/server/libjvm.dylib
0x0000000025567000 	/usr/lib/libstdc++.6.dylib
0x0000000103ac4000 	/Library/Java/JavaVirtualMachines/jdk1.8.0_121.jdk/Contents/Home/jre/lib/libverify.dylib
0x0000000103ad2000 	/Library/Java/JavaVirtualMachines/jdk1.8.0_121.jdk/Contents/Home/jre/lib/libjava.dylib
0x0000000103b51000 	/Library/Java/JavaVirtualMachines/jdk1.8.0_121.jdk/Contents/Home/jre/lib/libzip.dylib
0x0000000025567000 	/System/Library/Frameworks/JavaVM.framework/Versions/A/Frameworks/JavaRuntimeSupport.framework/Versions/A/JavaRuntimeSupport
0x0000000025567000 	/System/Library/Frameworks/JavaVM.framework/Versions/A/Frameworks/JavaNativeFoundation.framework/Versions/A/JavaNativeFoundation
0x0000000025567000 	/System/Library/Frameworks/JavaVM.framework/Versions/A/JavaVM
0x0000000025567000 	/System/Library/Frameworks/Carbon.framework/Versions/A/Carbon
0x0000000025567000 	/System/Library/PrivateFrameworks/JavaLaunching.framework/Versions/A/JavaLaunching
0x0000000025567000 	/System/Library/Frameworks/Carbon.framework/Versions/A/Frameworks/CommonPanels.framework/Versions/A/CommonPanels
0x0000000025567000 	/System/Library/Frameworks/Carbon.framework/Versions/A/Frameworks/Help.framework/Versions/A/Help
0x0000000025567000 	/System/Library/Frameworks/Carbon.framework/Versions/A/Frameworks/ImageCapture.framework/Versions/A/ImageCapture
0x0000000025567000 	/System/Library/Frameworks/Carbon.framework/Versions/A/Frameworks/OpenScripting.framework/Versions/A/OpenScripting
0x0000000025567000 	/System/Library/Frameworks/Carbon.framework/Versions/A/Frameworks/Print.framework/Versions/A/Print
0x0000000025567000 	/System/Library/Frameworks/Carbon.framework/Versions/A/Frameworks/SecurityHI.framework/Versions/A/SecurityHI
0x000000011c85d000 	/Library/Java/JavaVirtualMachines/jdk1.8.0_121.jdk/Contents/Home/jre/lib/libawt.dylib
0x000000011c905000 	/Library/Java/JavaVirtualMachines/jdk1.8.0_121.jdk/Contents/Home/jre/lib/./libmlib_image.dylib
0x000000011c9d1000 	/Library/Java/JavaVirtualMachines/jdk1.8.0_121.jdk/Contents/Home/jre/lib/libawt_lwawt.dylib
0x000000011ca88000 	/Library/Java/JavaVirtualMachines/jdk1.8.0_121.jdk/Contents/Home/jre/lib/./libosxapp.dylib
0x0000000025567000 	/System/Library/Frameworks/ExceptionHandling.framework/Versions/A/ExceptionHandling
0x0000000025567000 	/System/Library/PrivateFrameworks/CoreServicesInternal.framework/Versions/A/CoreServicesInternal
0x0000000025567000 	/System/Library/CoreServices/RawCamera.bundle/Contents/MacOS/RawCamera
0x0000000025567000 	/System/Library/PrivateFrameworks/MobileAsset.framework/Versions/A/MobileAsset
0x0000000025567000 	/System/Library/PrivateFrameworks/StreamingZip.framework/Versions/A/StreamingZip
0x0000000025567000 	/System/Library/Frameworks/MediaToolbox.framework/Versions/A/MediaToolbox
0x0000000025567000 	/System/Library/PrivateFrameworks/CoreAVCHD.framework/Versions/A/CoreAVCHD
0x0000000025567000 	/System/Library/Frameworks/MediaAccessibility.framework/Versions/A/MediaAccessibility
0x0000000025567000 	/System/Library/PrivateFrameworks/Mangrove.framework/Versions/A/Mangrove
0x0000000025567000 	/System/Library/Frameworks/CoreMedia.framework/Versions/A/CoreMedia
0x0000000025567000 	/System/Library/Frameworks/VideoToolbox.framework/Versions/A/VideoToolbox
0x0000000025567000 	/System/Library/PrivateFrameworks/CoreAUC.framework/Versions/A/CoreAUC
0x0000000025567000 	/usr/lib/libspindump.dylib
0x0000000025567000 	/System/Library/PrivateFrameworks/AppleVA.framework/Versions/A/AppleVA
0x0000000025567000 	/System/Library/Frameworks/Accelerate.framework/Versions/A/Frameworks/vImage.framework/Versions/A/Libraries/libCGInterfaces.dylib
0x0000000025567000 	/System/Library/Frameworks/ApplicationServices.framework/Versions/A/Frameworks/ATS.framework/Versions/A/Resources/libTrueTypeScaler.dylib
0x0000000025567000 	/System/Library/Extensions/AppleIntelKBLGraphicsMTLDriver.bundle/Contents/MacOS/AppleIntelKBLGraphicsMTLDriver
0x0000000025567000 	/System/Library/PrivateFrameworks/GPUCompiler.framework/Versions/3902/Libraries/libmetal_timestamp.dylib
0x0000000025567000 	/System/Library/PrivateFrameworks/FamilyControls.framework/Versions/A/FamilyControls
0x0000000025567000 	/System/Library/PrivateFrameworks/CommerceKit.framework/Versions/A/Frameworks/CommerceCore.framework/Versions/A/CommerceCore
0x0000000025567000 	/System/Library/PrivateFrameworks/SystemAdministration.framework/Versions/A/SystemAdministration
0x0000000025567000 	/System/Library/PrivateFrameworks/AppContainer.framework/Versions/A/AppContainer
0x0000000025567000 	/System/Library/PrivateFrameworks/AppSandbox.framework/Versions/A/AppSandbox
0x0000000025567000 	/System/Library/PrivateFrameworks/SecCodeWrapper.framework/Versions/A/SecCodeWrapper
0x0000000025567000 	/usr/lib/libsandbox.1.dylib
0x0000000025567000 	/usr/lib/libMatch.1.dylib
0x0000000025567000 	/System/Library/PrivateFrameworks/DiskManagement.framework/Versions/A/DiskManagement
0x0000000025567000 	/System/Library/Frameworks/DirectoryService.framework/Versions/A/DirectoryService
0x0000000025567000 	/System/Library/PrivateFrameworks/DiskImages.framework/Versions/A/DiskImages
0x0000000025567000 	/System/Library/PrivateFrameworks/LoginUIKit.framework/Versions/A/Frameworks/LoginUICore.framework/Versions/A/LoginUICore
0x0000000025567000 	/usr/lib/libCoreStorage.dylib
0x0000000025567000 	/usr/lib/libcsfde.dylib
0x0000000025567000 	/usr/lib/libodfde.dylib
0x0000000025567000 	/System/Library/PrivateFrameworks/MediaKit.framework/Versions/A/MediaKit
0x0000000025567000 	/System/Library/Frameworks/DiscRecording.framework/Versions/A/DiscRecording
0x0000000025567000 	/System/Library/PrivateFrameworks/EFILogin.framework/Versions/A/EFILogin
0x0000000025567000 	/System/Library/PrivateFrameworks/ProtectedCloudStorage.framework/Versions/A/ProtectedCloudStorage
0x0000000025567000 	/usr/lib/libcurl.4.dylib
0x0000000025567000 	/usr/lib/libcrypto.42.dylib
0x0000000025567000 	/usr/lib/libssl.44.dylib
0x0000000025567000 	/System/Library/Frameworks/LDAP.framework/Versions/A/LDAP
0x0000000025567000 	/System/Library/PrivateFrameworks/TrustEvaluationAgent.framework/Versions/A/TrustEvaluationAgent
0x0000000025567000 	/usr/lib/libsasl2.2.dylib
0x0000000025567000 	/System/Library/PrivateFrameworks/CoreDaemon.framework/Versions/B/CoreDaemon
0x0000000025567000 	/System/Library/PrivateFrameworks/AppleSRP.framework/Versions/A/AppleSRP
0x0000000025567000 	/System/Library/PrivateFrameworks/ViewBridge.framework/Versions/A/ViewBridge
0x000000011dd0a000 	/usr/lib/libobjc-trampolines.dylib
0x0000000025567000 	/System/Library/Frameworks/OpenGL.framework/Versions/A/Resources/GLEngine.bundle/GLEngine
0x0000000025567000 	/System/Library/Frameworks/OpenGL.framework/Versions/A/Libraries/libGLProgrammability.dylib
0x0000000025567000 	/System/Library/Extensions/AppleIntelKBLGraphicsGLDriver.bundle/Contents/MacOS/AppleIntelKBLGraphicsGLDriver
0x0000000025567000 	/System/Library/PrivateFrameworks/GPUSupport.framework/Versions/A/Libraries/libGPUSupportMercury.dylib
0x0000000025567000 	/System/Library/Frameworks/OpenGL.framework/Versions/A/Resources/GLRendererFloat.bundle/GLRendererFloat
0x0000000025567000 	/System/Library/Frameworks/OpenCL.framework/Versions/A/Libraries/libcldcpuengine.dylib
0x0000000025567000 	/usr/lib/libcrypto.35.dylib
0x000000011fa7c000 	/Library/Java/JavaVirtualMachines/jdk1.8.0_121.jdk/Contents/Home/jre/lib/libfontmanager.dylib
0x000000011fae3000 	/Library/Java/JavaVirtualMachines/jdk1.8.0_121.jdk/Contents/Home/jre/lib/libosxui.dylib
0x0000000121d4c000 	/Library/Java/JavaVirtualMachines/jdk1.8.0_121.jdk/Contents/Home/jre/lib/libnet.dylib
0x0000000121af3000 	/Library/Java/JavaVirtualMachines/jdk1.8.0_121.jdk/Contents/Home/jre/lib/libnio.dylib
0x0000000025567000 	/System/Library/PrivateFrameworks/login.framework/Versions/A/login

VM Arguments:
jvm_args: -Dfile.encoding=UTF-8 
java_command: rmiserver_class.RMIServer_Class
java_class_path (initial): /Users/ntkhanh/NetBeansProjects/Server/poi-4.0.0/poi-4.0.0.jar:/Users/ntkhanh/NetBeansProjects/Server/poi-4.0.0/poi-examples-4.0.0.jar:/Users/ntkhanh/NetBeansProjects/Server/poi-4.0.0/poi-excelant-4.0.0.jar:/Users/ntkhanh/NetBeansProjects/Server/poi-4.0.0/poi-ooxml-4.0.0.jar:/Users/ntkhanh/NetBeansProjects/Server/poi-4.0.0/poi-ooxml-schemas-4.0.0.jar:/Users/ntkhanh/NetBeansProjects/Server/poi-4.0.0/poi-scratchpad-4.0.0.jar:/Users/ntkhanh/NetBeansProjects/RMIServer_Class/build/classes
Launcher Type: SUN_STANDARD

Environment Variables:
PATH=/usr/bin:/bin:/usr/sbin:/sbin
LD_LIBRARY_PATH=/Library/Java/JavaVirtualMachines/jdk1.8.0_121.jdk/Contents/Home/jre/lib/amd64:/Library/Java/JavaVirtualMachines/jdk1.8.0_121.jdk/Contents/Home/jre/lib/i386:
SHELL=/bin/bash

Signal Handlers:
SIGSEGV: [libjvm.dylib+0x5b1141], sa_mask[0]=11111111011111110111111111111111, sa_flags=SA_ONSTACK|SA_RESTART|SA_SIGINFO
SIGBUS: [libjvm.dylib+0x5b1141], sa_mask[0]=11111111011111110111111111111111, sa_flags=SA_RESTART|SA_SIGINFO
SIGFPE: [libjvm.dylib+0x487bc4], sa_mask[0]=11111111011111110111111111111111, sa_flags=SA_RESTART|SA_SIGINFO
SIGPIPE: [libjvm.dylib+0x487bc4], sa_mask[0]=11111111011111110111111111111111, sa_flags=SA_RESTART|SA_SIGINFO
SIGXFSZ: [libjvm.dylib+0x487bc4], sa_mask[0]=11111111011111110111111111111111, sa_flags=SA_RESTART|SA_SIGINFO
SIGILL: [libjvm.dylib+0x487bc4], sa_mask[0]=11111111011111110111111111111111, sa_flags=SA_RESTART|SA_SIGINFO
SIGUSR1: SIG_DFL, sa_mask[0]=00000000000000000000000000000000, sa_flags=none
SIGUSR2: [libjvm.dylib+0x4876e2], sa_mask[0]=00100000000000000000000000000000, sa_flags=SA_RESTART|SA_SIGINFO
SIGHUP: [libjvm.dylib+0x485cb9], sa_mask[0]=11111111011111110111111111111111, sa_flags=SA_RESTART|SA_SIGINFO
SIGINT: SIG_IGN, sa_mask[0]=00000000000000000000000000000000, sa_flags=none
SIGTERM: [libjvm.dylib+0x485cb9], sa_mask[0]=11111111011111110111111111111111, sa_flags=SA_RESTART|SA_SIGINFO
SIGQUIT: [libjvm.dylib+0x485cb9], sa_mask[0]=11111111011111110111111111111111, sa_flags=SA_RESTART|SA_SIGINFO


---------------  S Y S T E M  ---------------

OS:Bsduname:Darwin 18.2.0 Darwin Kernel Version 18.2.0: Fri Oct  5 19:41:49 PDT 2018; root:xnu-4903.221.2~2/RELEASE_X86_64 x86_64
rlimit: STACK 8192k, CORE 0k, NPROC 709, NOFILE 10240, AS infinity
load average:1.52 1.67 1.78

CPU:total 4 (2 cores per cpu, 2 threads per core) family 6 model 142 stepping 9, cmov, cx8, fxsr, mmx, sse, sse2, sse3, ssse3, sse4.1, sse4.2, popcnt, avx, avx2, aes, clmul, erms, 3dnowpref, lzcnt, ht, tsc, tscinvbit, bmi1, bmi2, adx

Memory: 4k page, physical 8388608k(84780k free)

/proc/meminfo:


vm_info: Java HotSpot(TM) 64-Bit Server VM (25.121-b13) for bsd-amd64 JRE (1.8.0_121-b13), built on Dec 12 2016 20:39:32 by "java_re" with gcc 4.2.1 (Based on Apple Inc. build 5658) (LLVM build 2336.11.00)

time: Mon Dec  3 16:27:59 2018
elapsed time: 3605 seconds (0d 1h 0m 5s)

