02-Sep-2018 17:24:20.831 INFO [main] org.apache.catalina.startup.VersionLoggerListener.log Server version:        Apache Tomcat/8.5.32
02-Sep-2018 17:24:20.850 INFO [main] org.apache.catalina.startup.VersionLoggerListener.log Server built:          Jun 20 2018 19:50:35 UTC
02-Sep-2018 17:24:20.851 INFO [main] org.apache.catalina.startup.VersionLoggerListener.log Server number:         8.5.32.0
02-Sep-2018 17:24:20.851 INFO [main] org.apache.catalina.startup.VersionLoggerListener.log OS Name:               Windows 8.1
02-Sep-2018 17:24:20.851 INFO [main] org.apache.catalina.startup.VersionLoggerListener.log OS Version:            6.3
02-Sep-2018 17:24:20.851 INFO [main] org.apache.catalina.startup.VersionLoggerListener.log Architecture:          amd64
02-Sep-2018 17:24:20.851 INFO [main] org.apache.catalina.startup.VersionLoggerListener.log Java Home:             C:\Program Files\Java\jdk1.8.0_131\jre
02-Sep-2018 17:24:20.851 INFO [main] org.apache.catalina.startup.VersionLoggerListener.log JVM Version:           1.8.0_131-b11
02-Sep-2018 17:24:20.851 INFO [main] org.apache.catalina.startup.VersionLoggerListener.log JVM Vendor:            Oracle Corporation
02-Sep-2018 17:24:20.851 INFO [main] org.apache.catalina.startup.VersionLoggerListener.log CATALINA_BASE:         C:\Users\DUCTHANH\Documents\apache-tomcat-8.5
02-Sep-2018 17:24:20.852 INFO [main] org.apache.catalina.startup.VersionLoggerListener.log CATALINA_HOME:         C:\Users\DUCTHANH\Documents\apache-tomcat-8.5
02-Sep-2018 17:24:20.852 INFO [main] org.apache.catalina.startup.VersionLoggerListener.log Command line argument: -Djava.util.logging.config.file=C:\Users\DUCTHANH\Documents\apache-tomcat-8.5\conf\logging.properties
02-Sep-2018 17:24:20.852 INFO [main] org.apache.catalina.startup.VersionLoggerListener.log Command line argument: -Djava.util.logging.manager=org.apache.juli.ClassLoaderLogManager
02-Sep-2018 17:24:20.852 INFO [main] org.apache.catalina.startup.VersionLoggerListener.log Command line argument: -Dhttp.nonProxyHosts=localhost|127.0.0.1|THANH
02-Sep-2018 17:24:20.853 INFO [main] org.apache.catalina.startup.VersionLoggerListener.log Command line argument: -Djdk.tls.ephemeralDHKeySize=2048
02-Sep-2018 17:24:20.856 INFO [main] org.apache.catalina.startup.VersionLoggerListener.log Command line argument: -Djava.protocol.handler.pkgs=org.apache.catalina.webresources
02-Sep-2018 17:24:20.856 INFO [main] org.apache.catalina.startup.VersionLoggerListener.log Command line argument: -Dignore.endorsed.dirs=
02-Sep-2018 17:24:20.857 INFO [main] org.apache.catalina.startup.VersionLoggerListener.log Command line argument: -Dcatalina.base=C:\Users\DUCTHANH\Documents\apache-tomcat-8.5
02-Sep-2018 17:24:20.857 INFO [main] org.apache.catalina.startup.VersionLoggerListener.log Command line argument: -Dcatalina.home=C:\Users\DUCTHANH\Documents\apache-tomcat-8.5
02-Sep-2018 17:24:20.857 INFO [main] org.apache.catalina.startup.VersionLoggerListener.log Command line argument: -Djava.io.tmpdir=C:\Users\DUCTHANH\Documents\apache-tomcat-8.5\temp
02-Sep-2018 17:24:20.857 INFO [main] org.apache.catalina.core.AprLifecycleListener.lifecycleEvent The APR based Apache Tomcat Native library which allows optimal performance in production environments was not found on the java.library.path: [C:\Program Files\Java\jdk1.8.0_131\bin;C:\WINDOWS\Sun\Java\bin;C:\WINDOWS\system32;C:\WINDOWS;C:\Program Files (x86)\Common Files\Oracle\Java\javapath;C:\ProgramData\Oracle\Java\javapath;C:\Program Files (x86)\Intel\iCLS Client\;C:\Program Files\Intel\iCLS Client\;C:\WINDOWS\system32;C:\WINDOWS;C:\WINDOWS\System32\Wbem;C:\WINDOWS\System32\WindowsPowerShell\v1.0\;C:\Program Files\Intel\Intel(R) Management Engine Components\DAL;C:\Program Files (x86)\Intel\Intel(R) Management Engine Components\DAL;C:\Program Files\Intel\Intel(R) Management Engine Components\IPT;C:\Program Files (x86)\Intel\Intel(R) Management Engine Components\IPT;C:\Program Files\Intel\WiFi\bin\;C:\Program Files\Common Files\Intel\WirelessCommon\;C:\Program Files\Java\jdk-10.0.1\bin;C:\Program Files\apache-maven-3.5.4\bin;C:\Program Files\Git\cmd;C:\Users\DUCTHANH\AppData\Local\Programs\Python\Python37\Scripts\;C:\Users\DUCTHANH\AppData\Local\Programs\Python\Python37\;.]
02-Sep-2018 17:24:22.501 INFO [main] org.apache.coyote.AbstractProtocol.init Initializing ProtocolHandler ["http-nio-8080"]
02-Sep-2018 17:24:23.097 INFO [main] org.apache.tomcat.util.net.NioSelectorPool.getSharedSelector Using a shared selector for servlet write/read
02-Sep-2018 17:24:23.157 INFO [main] org.apache.coyote.AbstractProtocol.init Initializing ProtocolHandler ["ajp-nio-8009"]
02-Sep-2018 17:24:23.160 INFO [main] org.apache.tomcat.util.net.NioSelectorPool.getSharedSelector Using a shared selector for servlet write/read
02-Sep-2018 17:24:23.161 INFO [main] org.apache.catalina.startup.Catalina.load Initialization processed in 11131 ms
02-Sep-2018 17:24:23.344 INFO [main] org.apache.catalina.core.StandardService.startInternal Starting service [Catalina]
02-Sep-2018 17:24:23.344 INFO [main] org.apache.catalina.core.StandardEngine.startInternal Starting Servlet Engine: Apache Tomcat/8.5.32
02-Sep-2018 17:24:23.398 INFO [localhost-startStop-1] org.apache.catalina.startup.HostConfig.deployDirectory Deploying web application directory [C:\Users\DUCTHANH\Documents\apache-tomcat-8.5\webapps\docs]
02-Sep-2018 17:24:24.644 INFO [localhost-startStop-1] org.apache.catalina.startup.HostConfig.deployDirectory Deployment of web application directory [C:\Users\DUCTHANH\Documents\apache-tomcat-8.5\webapps\docs] has finished in [1,237] ms
02-Sep-2018 17:24:24.645 INFO [localhost-startStop-1] org.apache.catalina.startup.HostConfig.deployDirectory Deploying web application directory [C:\Users\DUCTHANH\Documents\apache-tomcat-8.5\webapps\examples]
02-Sep-2018 17:24:28.140 INFO [localhost-startStop-1] org.apache.catalina.startup.HostConfig.deployDirectory Deployment of web application directory [C:\Users\DUCTHANH\Documents\apache-tomcat-8.5\webapps\examples] has finished in [3,496] ms
02-Sep-2018 17:24:28.141 INFO [localhost-startStop-1] org.apache.catalina.startup.HostConfig.deployDirectory Deploying web application directory [C:\Users\DUCTHANH\Documents\apache-tomcat-8.5\webapps\host-manager]
02-Sep-2018 17:24:28.377 INFO [localhost-startStop-1] org.apache.catalina.startup.HostConfig.deployDirectory Deployment of web application directory [C:\Users\DUCTHANH\Documents\apache-tomcat-8.5\webapps\host-manager] has finished in [235] ms
02-Sep-2018 17:24:28.379 INFO [localhost-startStop-1] org.apache.catalina.startup.HostConfig.deployDirectory Deploying web application directory [C:\Users\DUCTHANH\Documents\apache-tomcat-8.5\webapps\manager]
02-Sep-2018 17:24:28.630 INFO [localhost-startStop-1] org.apache.catalina.startup.HostConfig.deployDirectory Deployment of web application directory [C:\Users\DUCTHANH\Documents\apache-tomcat-8.5\webapps\manager] has finished in [252] ms
02-Sep-2018 17:24:28.630 INFO [localhost-startStop-1] org.apache.catalina.startup.HostConfig.deployDirectory Deploying web application directory [C:\Users\DUCTHANH\Documents\apache-tomcat-8.5\webapps\ROOT]
02-Sep-2018 17:24:28.697 INFO [localhost-startStop-1] org.apache.catalina.startup.HostConfig.deployDirectory Deployment of web application directory [C:\Users\DUCTHANH\Documents\apache-tomcat-8.5\webapps\ROOT] has finished in [67] ms
02-Sep-2018 17:24:28.702 INFO [main] org.apache.coyote.AbstractProtocol.start Starting ProtocolHandler ["http-nio-8080"]
02-Sep-2018 17:24:28.718 INFO [main] org.apache.coyote.AbstractProtocol.start Starting ProtocolHandler ["ajp-nio-8009"]
02-Sep-2018 17:24:28.722 INFO [main] org.apache.catalina.startup.Catalina.start Server startup in 5561 ms
02-Sep-2018 17:25:26.409 INFO [main] org.apache.catalina.core.StandardServer.await A valid shutdown command was received via the shutdown port. Stopping the Server instance.
02-Sep-2018 17:25:26.410 INFO [main] org.apache.coyote.AbstractProtocol.pause Pausing ProtocolHandler ["http-nio-8080"]
02-Sep-2018 17:25:26.523 INFO [main] org.apache.coyote.AbstractProtocol.pause Pausing ProtocolHandler ["ajp-nio-8009"]
02-Sep-2018 17:25:26.603 INFO [main] org.apache.catalina.core.StandardService.stopInternal Stopping service [Catalina]
02-Sep-2018 17:25:26.932 INFO [main] org.apache.coyote.AbstractProtocol.stop Stopping ProtocolHandler ["http-nio-8080"]
02-Sep-2018 17:25:26.936 INFO [main] org.apache.coyote.AbstractProtocol.stop Stopping ProtocolHandler ["ajp-nio-8009"]
02-Sep-2018 17:25:26.939 INFO [main] org.apache.coyote.AbstractProtocol.destroy Destroying ProtocolHandler ["http-nio-8080"]
02-Sep-2018 17:25:26.941 INFO [main] org.apache.coyote.AbstractProtocol.destroy Destroying ProtocolHandler ["ajp-nio-8009"]
02-Sep-2018 17:28:20.548 INFO [main] org.apache.catalina.startup.VersionLoggerListener.log Server version:        Apache Tomcat/8.5.32
02-Sep-2018 17:28:21.137 INFO [main] org.apache.catalina.startup.VersionLoggerListener.log Server built:          Jun 20 2018 19:50:35 UTC
02-Sep-2018 17:28:21.137 INFO [main] org.apache.catalina.startup.VersionLoggerListener.log Server number:         8.5.32.0
02-Sep-2018 17:28:21.137 INFO [main] org.apache.catalina.startup.VersionLoggerListener.log OS Name:               Windows 8.1
02-Sep-2018 17:28:21.137 INFO [main] org.apache.catalina.startup.VersionLoggerListener.log OS Version:            6.3
02-Sep-2018 17:28:21.138 INFO [main] org.apache.catalina.startup.VersionLoggerListener.log Architecture:          amd64
02-Sep-2018 17:28:21.138 INFO [main] org.apache.catalina.startup.VersionLoggerListener.log Java Home:             C:\Program Files\Java\jdk1.8.0_131\jre
02-Sep-2018 17:28:21.138 INFO [main] org.apache.catalina.startup.VersionLoggerListener.log JVM Version:           1.8.0_131-b11
02-Sep-2018 17:28:21.138 INFO [main] org.apache.catalina.startup.VersionLoggerListener.log JVM Vendor:            Oracle Corporation
02-Sep-2018 17:28:21.138 INFO [main] org.apache.catalina.startup.VersionLoggerListener.log CATALINA_BASE:         C:\Users\DUCTHANH\Documents\apache-tomcat-8.5
02-Sep-2018 17:28:21.138 INFO [main] org.apache.catalina.startup.VersionLoggerListener.log CATALINA_HOME:         C:\Users\DUCTHANH\Documents\apache-tomcat-8.5
02-Sep-2018 17:28:21.139 INFO [main] org.apache.catalina.startup.VersionLoggerListener.log Command line argument: -Djava.util.logging.config.file=C:\Users\DUCTHANH\Documents\apache-tomcat-8.5\conf\logging.properties
02-Sep-2018 17:28:21.139 INFO [main] org.apache.catalina.startup.VersionLoggerListener.log Command line argument: -Djava.util.logging.manager=org.apache.juli.ClassLoaderLogManager
02-Sep-2018 17:28:21.143 INFO [main] org.apache.catalina.startup.VersionLoggerListener.log Command line argument: -Dhttp.nonProxyHosts=localhost|127.0.0.1|THANH
02-Sep-2018 17:28:21.143 INFO [main] org.apache.catalina.startup.VersionLoggerListener.log Command line argument: -Djdk.tls.ephemeralDHKeySize=2048
02-Sep-2018 17:28:21.143 INFO [main] org.apache.catalina.startup.VersionLoggerListener.log Command line argument: -Djava.protocol.handler.pkgs=org.apache.catalina.webresources
02-Sep-2018 17:28:21.144 INFO [main] org.apache.catalina.startup.VersionLoggerListener.log Command line argument: -Dignore.endorsed.dirs=
02-Sep-2018 17:28:21.144 INFO [main] org.apache.catalina.startup.VersionLoggerListener.log Command line argument: -Dcatalina.base=C:\Users\DUCTHANH\Documents\apache-tomcat-8.5
02-Sep-2018 17:28:21.144 INFO [main] org.apache.catalina.startup.VersionLoggerListener.log Command line argument: -Dcatalina.home=C:\Users\DUCTHANH\Documents\apache-tomcat-8.5
02-Sep-2018 17:28:21.144 INFO [main] org.apache.catalina.startup.VersionLoggerListener.log Command line argument: -Djava.io.tmpdir=C:\Users\DUCTHANH\Documents\apache-tomcat-8.5\temp
02-Sep-2018 17:28:21.144 INFO [main] org.apache.catalina.core.AprLifecycleListener.lifecycleEvent The APR based Apache Tomcat Native library which allows optimal performance in production environments was not found on the java.library.path: [C:\Program Files\Java\jdk1.8.0_131\bin;C:\WINDOWS\Sun\Java\bin;C:\WINDOWS\system32;C:\WINDOWS;C:\Program Files (x86)\Common Files\Oracle\Java\javapath;C:\ProgramData\Oracle\Java\javapath;C:\Program Files (x86)\Intel\iCLS Client\;C:\Program Files\Intel\iCLS Client\;C:\WINDOWS\system32;C:\WINDOWS;C:\WINDOWS\System32\Wbem;C:\WINDOWS\System32\WindowsPowerShell\v1.0\;C:\Program Files\Intel\Intel(R) Management Engine Components\DAL;C:\Program Files (x86)\Intel\Intel(R) Management Engine Components\DAL;C:\Program Files\Intel\Intel(R) Management Engine Components\IPT;C:\Program Files (x86)\Intel\Intel(R) Management Engine Components\IPT;C:\Program Files\Intel\WiFi\bin\;C:\Program Files\Common Files\Intel\WirelessCommon\;C:\Program Files\Java\jdk-10.0.1\bin;C:\Program Files\apache-maven-3.5.4\bin;C:\Program Files\Git\cmd;C:\Users\DUCTHANH\AppData\Local\Programs\Python\Python37\Scripts\;C:\Users\DUCTHANH\AppData\Local\Programs\Python\Python37\;.]
02-Sep-2018 17:28:22.869 INFO [main] org.apache.coyote.AbstractProtocol.init Initializing ProtocolHandler ["http-nio-8080"]
02-Sep-2018 17:28:23.495 INFO [main] org.apache.tomcat.util.net.NioSelectorPool.getSharedSelector Using a shared selector for servlet write/read
02-Sep-2018 17:28:23.518 INFO [main] org.apache.coyote.AbstractProtocol.init Initializing ProtocolHandler ["ajp-nio-8009"]
02-Sep-2018 17:28:23.520 INFO [main] org.apache.tomcat.util.net.NioSelectorPool.getSharedSelector Using a shared selector for servlet write/read
02-Sep-2018 17:28:23.521 INFO [main] org.apache.catalina.startup.Catalina.load Initialization processed in 4063 ms
02-Sep-2018 17:28:23.774 INFO [main] org.apache.catalina.core.StandardService.startInternal Starting service [Catalina]
02-Sep-2018 17:28:23.774 INFO [main] org.apache.catalina.core.StandardEngine.startInternal Starting Servlet Engine: Apache Tomcat/8.5.32
02-Sep-2018 17:28:23.801 INFO [localhost-startStop-1] org.apache.catalina.startup.HostConfig.deployDirectory Deploying web application directory [C:\Users\DUCTHANH\Documents\apache-tomcat-8.5\webapps\docs]
02-Sep-2018 17:28:25.187 INFO [localhost-startStop-1] org.apache.catalina.startup.HostConfig.deployDirectory Deployment of web application directory [C:\Users\DUCTHANH\Documents\apache-tomcat-8.5\webapps\docs] has finished in [1,283] ms
02-Sep-2018 17:28:25.188 INFO [localhost-startStop-1] org.apache.catalina.startup.HostConfig.deployDirectory Deploying web application directory [C:\Users\DUCTHANH\Documents\apache-tomcat-8.5\webapps\examples]
02-Sep-2018 17:28:26.700 INFO [localhost-startStop-1] org.apache.catalina.startup.HostConfig.deployDirectory Deployment of web application directory [C:\Users\DUCTHANH\Documents\apache-tomcat-8.5\webapps\examples] has finished in [1,512] ms
02-Sep-2018 17:28:26.701 INFO [localhost-startStop-1] org.apache.catalina.startup.HostConfig.deployDirectory Deploying web application directory [C:\Users\DUCTHANH\Documents\apache-tomcat-8.5\webapps\host-manager]
02-Sep-2018 17:28:26.822 INFO [localhost-startStop-1] org.apache.catalina.startup.HostConfig.deployDirectory Deployment of web application directory [C:\Users\DUCTHANH\Documents\apache-tomcat-8.5\webapps\host-manager] has finished in [121] ms
02-Sep-2018 17:28:26.822 INFO [localhost-startStop-1] org.apache.catalina.startup.HostConfig.deployDirectory Deploying web application directory [C:\Users\DUCTHANH\Documents\apache-tomcat-8.5\webapps\manager]
02-Sep-2018 17:28:26.906 INFO [localhost-startStop-1] org.apache.catalina.startup.HostConfig.deployDirectory Deployment of web application directory [C:\Users\DUCTHANH\Documents\apache-tomcat-8.5\webapps\manager] has finished in [83] ms
02-Sep-2018 17:28:26.906 INFO [localhost-startStop-1] org.apache.catalina.startup.HostConfig.deployDirectory Deploying web application directory [C:\Users\DUCTHANH\Documents\apache-tomcat-8.5\webapps\ROOT]
02-Sep-2018 17:28:26.961 INFO [localhost-startStop-1] org.apache.catalina.startup.HostConfig.deployDirectory Deployment of web application directory [C:\Users\DUCTHANH\Documents\apache-tomcat-8.5\webapps\ROOT] has finished in [55] ms
02-Sep-2018 17:28:26.968 INFO [main] org.apache.coyote.AbstractProtocol.start Starting ProtocolHandler ["http-nio-8080"]
02-Sep-2018 17:28:26.984 INFO [main] org.apache.coyote.AbstractProtocol.start Starting ProtocolHandler ["ajp-nio-8009"]
02-Sep-2018 17:28:26.990 INFO [main] org.apache.catalina.startup.Catalina.start Server startup in 3468 ms
02-Sep-2018 17:28:30.659 INFO [http-nio-8080-exec-7] org.apache.catalina.startup.HostConfig.deployDescriptor Deploying configuration descriptor [C:\Users\DUCTHANH\Documents\apache-tomcat-8.5\conf\Catalina\localhost\baiTest1.xml]
02-Sep-2018 17:28:30.666 WARNING [http-nio-8080-exec-7] org.apache.catalina.startup.SetContextPropertiesRule.begin [SetContextPropertiesRule]{Context} Setting property 'antiJARLocking' to 'true' did not find a matching property.
02-Sep-2018 17:28:31.551 INFO [http-nio-8080-exec-7] org.apache.jasper.servlet.TldScanner.scanJars At least one JAR was scanned for TLDs yet contained no TLDs. Enable debug logging for this logger for a complete list of JARs that were scanned but no TLDs were found in them. Skipping unneeded JARs during scanning can improve startup time and JSP compilation time.
02-Sep-2018 17:28:31.575 INFO [http-nio-8080-exec-7] org.apache.catalina.startup.HostConfig.deployDescriptor Deployment of configuration descriptor [C:\Users\DUCTHANH\Documents\apache-tomcat-8.5\conf\Catalina\localhost\baiTest1.xml] has finished in [916] ms
02-Sep-2018 17:28:31.582 INFO [http-nio-8080-exec-9] org.apache.catalina.util.LifecycleBase.start The start() method was called on component [StandardEngine[Catalina].StandardHost[localhost].StandardContext[/baiTest1]] after start() had already been called. The second call will be ignored.
02-Sep-2018 17:32:24.823 INFO [main] org.apache.catalina.core.StandardServer.await A valid shutdown command was received via the shutdown port. Stopping the Server instance.
02-Sep-2018 17:32:24.825 INFO [main] org.apache.coyote.AbstractProtocol.pause Pausing ProtocolHandler ["http-nio-8080"]
02-Sep-2018 17:32:25.289 INFO [main] org.apache.coyote.AbstractProtocol.pause Pausing ProtocolHandler ["ajp-nio-8009"]
02-Sep-2018 17:32:25.382 INFO [main] org.apache.catalina.core.StandardService.stopInternal Stopping service [Catalina]
02-Sep-2018 17:32:26.540 WARNING [localhost-startStop-2] org.apache.catalina.loader.WebappClassLoaderBase.clearReferencesJdbc The web application [baiTest1] registered the JDBC driver [com.mysql.jdbc.Driver] but failed to unregister it when the web application was stopped. To prevent a memory leak, the JDBC Driver has been forcibly unregistered.
02-Sep-2018 17:32:26.542 WARNING [localhost-startStop-2] org.apache.catalina.loader.WebappClassLoaderBase.clearReferencesThreads The web application [baiTest1] appears to have started a thread named [Abandoned connection cleanup thread] but has failed to stop it. This is very likely to create a memory leak. Stack trace of thread:
 java.lang.Object.wait(Native Method)
 java.lang.ref.ReferenceQueue.remove(ReferenceQueue.java:143)
 com.mysql.jdbc.AbandonedConnectionCleanupThread.run(AbandonedConnectionCleanupThread.java:40)
02-Sep-2018 17:32:26.556 INFO [main] org.apache.coyote.AbstractProtocol.stop Stopping ProtocolHandler ["http-nio-8080"]
02-Sep-2018 17:32:26.697 INFO [main] org.apache.coyote.AbstractProtocol.stop Stopping ProtocolHandler ["ajp-nio-8009"]
02-Sep-2018 17:32:26.702 INFO [main] org.apache.coyote.AbstractProtocol.destroy Destroying ProtocolHandler ["http-nio-8080"]
02-Sep-2018 17:32:26.703 INFO [main] org.apache.coyote.AbstractProtocol.destroy Destroying ProtocolHandler ["ajp-nio-8009"]
02-Sep-2018 17:34:42.212 INFO [main] org.apache.catalina.startup.VersionLoggerListener.log Server version:        Apache Tomcat/8.5.32
02-Sep-2018 17:34:42.291 INFO [main] org.apache.catalina.startup.VersionLoggerListener.log Server built:          Jun 20 2018 19:50:35 UTC
02-Sep-2018 17:34:42.291 INFO [main] org.apache.catalina.startup.VersionLoggerListener.log Server number:         8.5.32.0
02-Sep-2018 17:34:42.292 INFO [main] org.apache.catalina.startup.VersionLoggerListener.log OS Name:               Windows 8.1
02-Sep-2018 17:34:42.292 INFO [main] org.apache.catalina.startup.VersionLoggerListener.log OS Version:            6.3
02-Sep-2018 17:34:42.292 INFO [main] org.apache.catalina.startup.VersionLoggerListener.log Architecture:          amd64
02-Sep-2018 17:34:42.292 INFO [main] org.apache.catalina.startup.VersionLoggerListener.log Java Home:             C:\Program Files\Java\jdk1.8.0_131\jre
02-Sep-2018 17:34:42.293 INFO [main] org.apache.catalina.startup.VersionLoggerListener.log JVM Version:           1.8.0_131-b11
02-Sep-2018 17:34:42.293 INFO [main] org.apache.catalina.startup.VersionLoggerListener.log JVM Vendor:            Oracle Corporation
02-Sep-2018 17:34:42.293 INFO [main] org.apache.catalina.startup.VersionLoggerListener.log CATALINA_BASE:         C:\Users\DUCTHANH\Documents\apache-tomcat-8.5
02-Sep-2018 17:34:42.293 INFO [main] org.apache.catalina.startup.VersionLoggerListener.log CATALINA_HOME:         C:\Users\DUCTHANH\Documents\apache-tomcat-8.5
02-Sep-2018 17:34:42.294 INFO [main] org.apache.catalina.startup.VersionLoggerListener.log Command line argument: -Djava.util.logging.config.file=C:\Users\DUCTHANH\Documents\apache-tomcat-8.5\conf\logging.properties
02-Sep-2018 17:34:42.295 INFO [main] org.apache.catalina.startup.VersionLoggerListener.log Command line argument: -Djava.util.logging.manager=org.apache.juli.ClassLoaderLogManager
02-Sep-2018 17:34:42.296 INFO [main] org.apache.catalina.startup.VersionLoggerListener.log Command line argument: -Dhttp.nonProxyHosts=localhost|127.0.0.1|THANH
02-Sep-2018 17:34:42.307 INFO [main] org.apache.catalina.startup.VersionLoggerListener.log Command line argument: -Djdk.tls.ephemeralDHKeySize=2048
02-Sep-2018 17:34:42.308 INFO [main] org.apache.catalina.startup.VersionLoggerListener.log Command line argument: -Djava.protocol.handler.pkgs=org.apache.catalina.webresources
02-Sep-2018 17:34:42.309 INFO [main] org.apache.catalina.startup.VersionLoggerListener.log Command line argument: -Dignore.endorsed.dirs=
02-Sep-2018 17:34:42.310 INFO [main] org.apache.catalina.startup.VersionLoggerListener.log Command line argument: -Dcatalina.base=C:\Users\DUCTHANH\Documents\apache-tomcat-8.5
02-Sep-2018 17:34:42.310 INFO [main] org.apache.catalina.startup.VersionLoggerListener.log Command line argument: -Dcatalina.home=C:\Users\DUCTHANH\Documents\apache-tomcat-8.5
02-Sep-2018 17:34:42.311 INFO [main] org.apache.catalina.startup.VersionLoggerListener.log Command line argument: -Djava.io.tmpdir=C:\Users\DUCTHANH\Documents\apache-tomcat-8.5\temp
02-Sep-2018 17:34:42.311 INFO [main] org.apache.catalina.core.AprLifecycleListener.lifecycleEvent The APR based Apache Tomcat Native library which allows optimal performance in production environments was not found on the java.library.path: [C:\Program Files\Java\jdk1.8.0_131\bin;C:\WINDOWS\Sun\Java\bin;C:\WINDOWS\system32;C:\WINDOWS;C:\Program Files (x86)\Common Files\Oracle\Java\javapath;C:\ProgramData\Oracle\Java\javapath;C:\Program Files (x86)\Intel\iCLS Client\;C:\Program Files\Intel\iCLS Client\;C:\WINDOWS\system32;C:\WINDOWS;C:\WINDOWS\System32\Wbem;C:\WINDOWS\System32\WindowsPowerShell\v1.0\;C:\Program Files\Intel\Intel(R) Management Engine Components\DAL;C:\Program Files (x86)\Intel\Intel(R) Management Engine Components\DAL;C:\Program Files\Intel\Intel(R) Management Engine Components\IPT;C:\Program Files (x86)\Intel\Intel(R) Management Engine Components\IPT;C:\Program Files\Intel\WiFi\bin\;C:\Program Files\Common Files\Intel\WirelessCommon\;C:\Program Files\Java\jdk-10.0.1\bin;C:\Program Files\apache-maven-3.5.4\bin;C:\Program Files\Git\cmd;C:\Users\DUCTHANH\AppData\Local\Programs\Python\Python37\Scripts\;C:\Users\DUCTHANH\AppData\Local\Programs\Python\Python37\;.]
02-Sep-2018 17:34:43.493 INFO [main] org.apache.coyote.AbstractProtocol.init Initializing ProtocolHandler ["http-nio-8080"]
02-Sep-2018 17:34:44.044 INFO [main] org.apache.tomcat.util.net.NioSelectorPool.getSharedSelector Using a shared selector for servlet write/read
02-Sep-2018 17:34:44.078 INFO [main] org.apache.coyote.AbstractProtocol.init Initializing ProtocolHandler ["ajp-nio-8009"]
02-Sep-2018 17:34:44.081 INFO [main] org.apache.tomcat.util.net.NioSelectorPool.getSharedSelector Using a shared selector for servlet write/read
02-Sep-2018 17:34:44.082 INFO [main] org.apache.catalina.startup.Catalina.load Initialization processed in 3728 ms
02-Sep-2018 17:34:44.211 INFO [main] org.apache.catalina.core.StandardService.startInternal Starting service [Catalina]
02-Sep-2018 17:34:44.211 INFO [main] org.apache.catalina.core.StandardEngine.startInternal Starting Servlet Engine: Apache Tomcat/8.5.32
02-Sep-2018 17:34:44.265 INFO [localhost-startStop-1] org.apache.catalina.startup.HostConfig.deployDescriptor Deploying configuration descriptor [C:\Users\DUCTHANH\Documents\apache-tomcat-8.5\conf\Catalina\localhost\baiTest1.xml]
02-Sep-2018 17:34:44.376 WARNING [localhost-startStop-1] org.apache.catalina.startup.SetContextPropertiesRule.begin [SetContextPropertiesRule]{Context} Setting property 'antiJARLocking' to 'true' did not find a matching property.
02-Sep-2018 17:34:46.153 INFO [localhost-startStop-1] org.apache.jasper.servlet.TldScanner.scanJars At least one JAR was scanned for TLDs yet contained no TLDs. Enable debug logging for this logger for a complete list of JARs that were scanned but no TLDs were found in them. Skipping unneeded JARs during scanning can improve startup time and JSP compilation time.
02-Sep-2018 17:34:46.378 INFO [localhost-startStop-1] org.apache.catalina.startup.HostConfig.deployDescriptor Deployment of configuration descriptor [C:\Users\DUCTHANH\Documents\apache-tomcat-8.5\conf\Catalina\localhost\baiTest1.xml] has finished in [2,085] ms
02-Sep-2018 17:34:46.380 INFO [localhost-startStop-1] org.apache.catalina.startup.HostConfig.deployDirectory Deploying web application directory [C:\Users\DUCTHANH\Documents\apache-tomcat-8.5\webapps\docs]
02-Sep-2018 17:34:46.449 INFO [localhost-startStop-1] org.apache.catalina.startup.HostConfig.deployDirectory Deployment of web application directory [C:\Users\DUCTHANH\Documents\apache-tomcat-8.5\webapps\docs] has finished in [69] ms
02-Sep-2018 17:34:46.449 INFO [localhost-startStop-1] org.apache.catalina.startup.HostConfig.deployDirectory Deploying web application directory [C:\Users\DUCTHANH\Documents\apache-tomcat-8.5\webapps\examples]
02-Sep-2018 17:34:47.697 INFO [localhost-startStop-1] org.apache.catalina.startup.HostConfig.deployDirectory Deployment of web application directory [C:\Users\DUCTHANH\Documents\apache-tomcat-8.5\webapps\examples] has finished in [1,248] ms
02-Sep-2018 17:34:47.698 INFO [localhost-startStop-1] org.apache.catalina.startup.HostConfig.deployDirectory Deploying web application directory [C:\Users\DUCTHANH\Documents\apache-tomcat-8.5\webapps\host-manager]
02-Sep-2018 17:34:47.799 INFO [localhost-startStop-1] org.apache.catalina.startup.HostConfig.deployDirectory Deployment of web application directory [C:\Users\DUCTHANH\Documents\apache-tomcat-8.5\webapps\host-manager] has finished in [101] ms
02-Sep-2018 17:34:47.799 INFO [localhost-startStop-1] org.apache.catalina.startup.HostConfig.deployDirectory Deploying web application directory [C:\Users\DUCTHANH\Documents\apache-tomcat-8.5\webapps\manager]
02-Sep-2018 17:34:47.891 INFO [localhost-startStop-1] org.apache.catalina.startup.HostConfig.deployDirectory Deployment of web application directory [C:\Users\DUCTHANH\Documents\apache-tomcat-8.5\webapps\manager] has finished in [92] ms
02-Sep-2018 17:34:47.891 INFO [localhost-startStop-1] org.apache.catalina.startup.HostConfig.deployDirectory Deploying web application directory [C:\Users\DUCTHANH\Documents\apache-tomcat-8.5\webapps\ROOT]
02-Sep-2018 17:34:47.929 INFO [localhost-startStop-1] org.apache.catalina.startup.HostConfig.deployDirectory Deployment of web application directory [C:\Users\DUCTHANH\Documents\apache-tomcat-8.5\webapps\ROOT] has finished in [38] ms
02-Sep-2018 17:34:47.939 INFO [main] org.apache.coyote.AbstractProtocol.start Starting ProtocolHandler ["http-nio-8080"]
02-Sep-2018 17:34:47.967 INFO [main] org.apache.coyote.AbstractProtocol.start Starting ProtocolHandler ["ajp-nio-8009"]
02-Sep-2018 17:34:48.030 INFO [main] org.apache.catalina.startup.Catalina.start Server startup in 3947 ms
02-Sep-2018 17:35:05.225 INFO [http-nio-8080-exec-6] org.apache.catalina.core.StandardContext.reload Reloading Context with name [/baiTest1] has started
02-Sep-2018 17:35:05.688 INFO [http-nio-8080-exec-6] org.apache.jasper.servlet.TldScanner.scanJars At least one JAR was scanned for TLDs yet contained no TLDs. Enable debug logging for this logger for a complete list of JARs that were scanned but no TLDs were found in them. Skipping unneeded JARs during scanning can improve startup time and JSP compilation time.
02-Sep-2018 17:35:05.701 INFO [http-nio-8080-exec-6] org.apache.catalina.core.StandardContext.reload Reloading Context with name [/baiTest1] is completed
02-Sep-2018 17:37:19.072 INFO [main] org.apache.catalina.core.StandardServer.await A valid shutdown command was received via the shutdown port. Stopping the Server instance.
02-Sep-2018 17:37:19.073 INFO [main] org.apache.coyote.AbstractProtocol.pause Pausing ProtocolHandler ["http-nio-8080"]
02-Sep-2018 17:37:19.157 INFO [main] org.apache.coyote.AbstractProtocol.pause Pausing ProtocolHandler ["ajp-nio-8009"]
02-Sep-2018 17:37:19.231 INFO [main] org.apache.catalina.core.StandardService.stopInternal Stopping service [Catalina]
02-Sep-2018 17:37:19.279 WARNING [localhost-startStop-2] org.apache.catalina.loader.WebappClassLoaderBase.clearReferencesJdbc The web application [baiTest1] registered the JDBC driver [com.mysql.jdbc.Driver] but failed to unregister it when the web application was stopped. To prevent a memory leak, the JDBC Driver has been forcibly unregistered.
02-Sep-2018 17:37:19.280 WARNING [localhost-startStop-2] org.apache.catalina.loader.WebappClassLoaderBase.clearReferencesThreads The web application [baiTest1] appears to have started a thread named [Abandoned connection cleanup thread] but has failed to stop it. This is very likely to create a memory leak. Stack trace of thread:
 java.lang.Object.wait(Native Method)
 java.lang.ref.ReferenceQueue.remove(ReferenceQueue.java:143)
 com.mysql.jdbc.AbandonedConnectionCleanupThread.run(AbandonedConnectionCleanupThread.java:40)
02-Sep-2018 17:37:19.296 INFO [main] org.apache.coyote.AbstractProtocol.stop Stopping ProtocolHandler ["http-nio-8080"]
02-Sep-2018 17:37:19.299 INFO [main] org.apache.coyote.AbstractProtocol.stop Stopping ProtocolHandler ["ajp-nio-8009"]
02-Sep-2018 17:37:19.300 INFO [main] org.apache.coyote.AbstractProtocol.destroy Destroying ProtocolHandler ["http-nio-8080"]
02-Sep-2018 17:37:19.302 INFO [main] org.apache.coyote.AbstractProtocol.destroy Destroying ProtocolHandler ["ajp-nio-8009"]
02-Sep-2018 17:37:58.557 INFO [main] org.apache.catalina.startup.VersionLoggerListener.log Server version:        Apache Tomcat/8.5.32
02-Sep-2018 17:37:58.560 INFO [main] org.apache.catalina.startup.VersionLoggerListener.log Server built:          Jun 20 2018 19:50:35 UTC
02-Sep-2018 17:37:58.560 INFO [main] org.apache.catalina.startup.VersionLoggerListener.log Server number:         8.5.32.0
02-Sep-2018 17:37:58.560 INFO [main] org.apache.catalina.startup.VersionLoggerListener.log OS Name:               Windows 8.1
02-Sep-2018 17:37:58.560 INFO [main] org.apache.catalina.startup.VersionLoggerListener.log OS Version:            6.3
02-Sep-2018 17:37:58.560 INFO [main] org.apache.catalina.startup.VersionLoggerListener.log Architecture:          amd64
02-Sep-2018 17:37:58.560 INFO [main] org.apache.catalina.startup.VersionLoggerListener.log Java Home:             C:\Program Files\Java\jdk1.8.0_131\jre
02-Sep-2018 17:37:58.561 INFO [main] org.apache.catalina.startup.VersionLoggerListener.log JVM Version:           1.8.0_131-b11
02-Sep-2018 17:37:58.561 INFO [main] org.apache.catalina.startup.VersionLoggerListener.log JVM Vendor:            Oracle Corporation
02-Sep-2018 17:37:58.561 INFO [main] org.apache.catalina.startup.VersionLoggerListener.log CATALINA_BASE:         C:\Users\DUCTHANH\Documents\apache-tomcat-8.5
02-Sep-2018 17:37:58.561 INFO [main] org.apache.catalina.startup.VersionLoggerListener.log CATALINA_HOME:         C:\Users\DUCTHANH\Documents\apache-tomcat-8.5
02-Sep-2018 17:37:58.561 INFO [main] org.apache.catalina.startup.VersionLoggerListener.log Command line argument: -Djava.util.logging.config.file=C:\Users\DUCTHANH\Documents\apache-tomcat-8.5\conf\logging.properties
02-Sep-2018 17:37:58.562 INFO [main] org.apache.catalina.startup.VersionLoggerListener.log Command line argument: -Djava.util.logging.manager=org.apache.juli.ClassLoaderLogManager
02-Sep-2018 17:37:58.562 INFO [main] org.apache.catalina.startup.VersionLoggerListener.log Command line argument: -Dhttp.nonProxyHosts=localhost|127.0.0.1|THANH
02-Sep-2018 17:37:58.566 INFO [main] org.apache.catalina.startup.VersionLoggerListener.log Command line argument: -Djdk.tls.ephemeralDHKeySize=2048
02-Sep-2018 17:37:58.566 INFO [main] org.apache.catalina.startup.VersionLoggerListener.log Command line argument: -Djava.protocol.handler.pkgs=org.apache.catalina.webresources
02-Sep-2018 17:37:58.566 INFO [main] org.apache.catalina.startup.VersionLoggerListener.log Command line argument: -Dignore.endorsed.dirs=
02-Sep-2018 17:37:58.567 INFO [main] org.apache.catalina.startup.VersionLoggerListener.log Command line argument: -Dcatalina.base=C:\Users\DUCTHANH\Documents\apache-tomcat-8.5
02-Sep-2018 17:37:58.567 INFO [main] org.apache.catalina.startup.VersionLoggerListener.log Command line argument: -Dcatalina.home=C:\Users\DUCTHANH\Documents\apache-tomcat-8.5
02-Sep-2018 17:37:58.567 INFO [main] org.apache.catalina.startup.VersionLoggerListener.log Command line argument: -Djava.io.tmpdir=C:\Users\DUCTHANH\Documents\apache-tomcat-8.5\temp
02-Sep-2018 17:37:58.567 INFO [main] org.apache.catalina.core.AprLifecycleListener.lifecycleEvent The APR based Apache Tomcat Native library which allows optimal performance in production environments was not found on the java.library.path: [C:\Program Files\Java\jdk1.8.0_131\bin;C:\WINDOWS\Sun\Java\bin;C:\WINDOWS\system32;C:\WINDOWS;C:\Program Files (x86)\Common Files\Oracle\Java\javapath;C:\ProgramData\Oracle\Java\javapath;C:\Program Files (x86)\Intel\iCLS Client\;C:\Program Files\Intel\iCLS Client\;C:\WINDOWS\system32;C:\WINDOWS;C:\WINDOWS\System32\Wbem;C:\WINDOWS\System32\WindowsPowerShell\v1.0\;C:\Program Files\Intel\Intel(R) Management Engine Components\DAL;C:\Program Files (x86)\Intel\Intel(R) Management Engine Components\DAL;C:\Program Files\Intel\Intel(R) Management Engine Components\IPT;C:\Program Files (x86)\Intel\Intel(R) Management Engine Components\IPT;C:\Program Files\Intel\WiFi\bin\;C:\Program Files\Common Files\Intel\WirelessCommon\;C:\Program Files\Java\jdk-10.0.1\bin;C:\Program Files\apache-maven-3.5.4\bin;C:\Program Files\Git\cmd;C:\Users\DUCTHANH\AppData\Local\Programs\Python\Python37\Scripts\;C:\Users\DUCTHANH\AppData\Local\Programs\Python\Python37\;.]
02-Sep-2018 17:37:58.737 INFO [main] org.apache.coyote.AbstractProtocol.init Initializing ProtocolHandler ["http-nio-8080"]
02-Sep-2018 17:37:59.295 INFO [main] org.apache.tomcat.util.net.NioSelectorPool.getSharedSelector Using a shared selector for servlet write/read
02-Sep-2018 17:37:59.307 INFO [main] org.apache.coyote.AbstractProtocol.init Initializing ProtocolHandler ["ajp-nio-8009"]
02-Sep-2018 17:37:59.309 INFO [main] org.apache.tomcat.util.net.NioSelectorPool.getSharedSelector Using a shared selector for servlet write/read
02-Sep-2018 17:37:59.310 INFO [main] org.apache.catalina.startup.Catalina.load Initialization processed in 1640 ms
02-Sep-2018 17:37:59.354 INFO [main] org.apache.catalina.core.StandardService.startInternal Starting service [Catalina]
02-Sep-2018 17:37:59.354 INFO [main] org.apache.catalina.core.StandardEngine.startInternal Starting Servlet Engine: Apache Tomcat/8.5.32
02-Sep-2018 17:37:59.370 INFO [localhost-startStop-1] org.apache.catalina.startup.HostConfig.deployDescriptor Deploying configuration descriptor [C:\Users\DUCTHANH\Documents\apache-tomcat-8.5\conf\Catalina\localhost\baiTest1.xml]
02-Sep-2018 17:37:59.425 WARNING [localhost-startStop-1] org.apache.catalina.startup.SetContextPropertiesRule.begin [SetContextPropertiesRule]{Context} Setting property 'antiJARLocking' to 'true' did not find a matching property.
02-Sep-2018 17:38:00.285 INFO [localhost-startStop-1] org.apache.jasper.servlet.TldScanner.scanJars At least one JAR was scanned for TLDs yet contained no TLDs. Enable debug logging for this logger for a complete list of JARs that were scanned but no TLDs were found in them. Skipping unneeded JARs during scanning can improve startup time and JSP compilation time.
02-Sep-2018 17:38:00.523 INFO [localhost-startStop-1] org.apache.catalina.startup.HostConfig.deployDescriptor Deployment of configuration descriptor [C:\Users\DUCTHANH\Documents\apache-tomcat-8.5\conf\Catalina\localhost\baiTest1.xml] has finished in [1,152] ms
02-Sep-2018 17:38:00.525 INFO [localhost-startStop-1] org.apache.catalina.startup.HostConfig.deployDirectory Deploying web application directory [C:\Users\DUCTHANH\Documents\apache-tomcat-8.5\webapps\docs]
02-Sep-2018 17:38:00.596 INFO [localhost-startStop-1] org.apache.catalina.startup.HostConfig.deployDirectory Deployment of web application directory [C:\Users\DUCTHANH\Documents\apache-tomcat-8.5\webapps\docs] has finished in [70] ms
02-Sep-2018 17:38:00.596 INFO [localhost-startStop-1] org.apache.catalina.startup.HostConfig.deployDirectory Deploying web application directory [C:\Users\DUCTHANH\Documents\apache-tomcat-8.5\webapps\examples]
02-Sep-2018 17:38:01.716 INFO [localhost-startStop-1] org.apache.catalina.startup.HostConfig.deployDirectory Deployment of web application directory [C:\Users\DUCTHANH\Documents\apache-tomcat-8.5\webapps\examples] has finished in [1,120] ms
02-Sep-2018 17:38:01.717 INFO [localhost-startStop-1] org.apache.catalina.startup.HostConfig.deployDirectory Deploying web application directory [C:\Users\DUCTHANH\Documents\apache-tomcat-8.5\webapps\host-manager]
02-Sep-2018 17:38:01.767 INFO [localhost-startStop-1] org.apache.catalina.startup.HostConfig.deployDirectory Deployment of web application directory [C:\Users\DUCTHANH\Documents\apache-tomcat-8.5\webapps\host-manager] has finished in [50] ms
02-Sep-2018 17:38:01.767 INFO [localhost-startStop-1] org.apache.catalina.startup.HostConfig.deployDirectory Deploying web application directory [C:\Users\DUCTHANH\Documents\apache-tomcat-8.5\webapps\manager]
02-Sep-2018 17:38:01.810 INFO [localhost-startStop-1] org.apache.catalina.startup.HostConfig.deployDirectory Deployment of web application directory [C:\Users\DUCTHANH\Documents\apache-tomcat-8.5\webapps\manager] has finished in [43] ms
02-Sep-2018 17:38:01.810 INFO [localhost-startStop-1] org.apache.catalina.startup.HostConfig.deployDirectory Deploying web application directory [C:\Users\DUCTHANH\Documents\apache-tomcat-8.5\webapps\ROOT]
02-Sep-2018 17:38:01.852 INFO [localhost-startStop-1] org.apache.catalina.startup.HostConfig.deployDirectory Deployment of web application directory [C:\Users\DUCTHANH\Documents\apache-tomcat-8.5\webapps\ROOT] has finished in [42] ms
02-Sep-2018 17:38:01.858 INFO [main] org.apache.coyote.AbstractProtocol.start Starting ProtocolHandler ["http-nio-8080"]
02-Sep-2018 17:38:01.872 INFO [main] org.apache.coyote.AbstractProtocol.start Starting ProtocolHandler ["ajp-nio-8009"]
02-Sep-2018 17:38:01.880 INFO [main] org.apache.catalina.startup.Catalina.start Server startup in 2569 ms
02-Sep-2018 17:38:08.558 INFO [http-nio-8080-exec-4] org.apache.catalina.core.StandardContext.reload Reloading Context with name [/baiTest1] has started
02-Sep-2018 17:38:08.884 INFO [http-nio-8080-exec-4] org.apache.jasper.servlet.TldScanner.scanJars At least one JAR was scanned for TLDs yet contained no TLDs. Enable debug logging for this logger for a complete list of JARs that were scanned but no TLDs were found in them. Skipping unneeded JARs during scanning can improve startup time and JSP compilation time.
02-Sep-2018 17:38:08.891 INFO [http-nio-8080-exec-4] org.apache.catalina.core.StandardContext.reload Reloading Context with name [/baiTest1] is completed
02-Sep-2018 17:41:49.284 INFO [main] org.apache.catalina.core.StandardServer.await A valid shutdown command was received via the shutdown port. Stopping the Server instance.
02-Sep-2018 17:41:49.285 INFO [main] org.apache.coyote.AbstractProtocol.pause Pausing ProtocolHandler ["http-nio-8080"]
02-Sep-2018 17:41:49.321 INFO [main] org.apache.coyote.AbstractProtocol.pause Pausing ProtocolHandler ["ajp-nio-8009"]
02-Sep-2018 17:41:49.398 INFO [main] org.apache.catalina.core.StandardService.stopInternal Stopping service [Catalina]
02-Sep-2018 17:41:49.449 WARNING [localhost-startStop-2] org.apache.catalina.loader.WebappClassLoaderBase.clearReferencesJdbc The web application [baiTest1] registered the JDBC driver [com.mysql.jdbc.Driver] but failed to unregister it when the web application was stopped. To prevent a memory leak, the JDBC Driver has been forcibly unregistered.
02-Sep-2018 17:41:49.451 WARNING [localhost-startStop-2] org.apache.catalina.loader.WebappClassLoaderBase.clearReferencesThreads The web application [baiTest1] appears to have started a thread named [Abandoned connection cleanup thread] but has failed to stop it. This is very likely to create a memory leak. Stack trace of thread:
 java.lang.Object.wait(Native Method)
 java.lang.ref.ReferenceQueue.remove(ReferenceQueue.java:143)
 com.mysql.jdbc.AbandonedConnectionCleanupThread.run(AbandonedConnectionCleanupThread.java:40)
02-Sep-2018 17:41:49.482 INFO [main] org.apache.coyote.AbstractProtocol.stop Stopping ProtocolHandler ["http-nio-8080"]
02-Sep-2018 17:41:49.484 INFO [main] org.apache.coyote.AbstractProtocol.stop Stopping ProtocolHandler ["ajp-nio-8009"]
02-Sep-2018 17:41:49.486 INFO [main] org.apache.coyote.AbstractProtocol.destroy Destroying ProtocolHandler ["http-nio-8080"]
02-Sep-2018 17:41:49.488 INFO [main] org.apache.coyote.AbstractProtocol.destroy Destroying ProtocolHandler ["ajp-nio-8009"]
02-Sep-2018 21:23:12.576 INFO [main] org.apache.catalina.startup.VersionLoggerListener.log Server version:        Apache Tomcat/8.5.32
02-Sep-2018 21:23:12.588 INFO [main] org.apache.catalina.startup.VersionLoggerListener.log Server built:          Jun 20 2018 19:50:35 UTC
02-Sep-2018 21:23:12.588 INFO [main] org.apache.catalina.startup.VersionLoggerListener.log Server number:         8.5.32.0
02-Sep-2018 21:23:12.588 INFO [main] org.apache.catalina.startup.VersionLoggerListener.log OS Name:               Windows 8.1
02-Sep-2018 21:23:12.588 INFO [main] org.apache.catalina.startup.VersionLoggerListener.log OS Version:            6.3
02-Sep-2018 21:23:12.588 INFO [main] org.apache.catalina.startup.VersionLoggerListener.log Architecture:          amd64
02-Sep-2018 21:23:12.588 INFO [main] org.apache.catalina.startup.VersionLoggerListener.log Java Home:             C:\Program Files\Java\jdk1.8.0_131\jre
02-Sep-2018 21:23:12.588 INFO [main] org.apache.catalina.startup.VersionLoggerListener.log JVM Version:           1.8.0_131-b11
02-Sep-2018 21:23:12.588 INFO [main] org.apache.catalina.startup.VersionLoggerListener.log JVM Vendor:            Oracle Corporation
02-Sep-2018 21:23:12.588 INFO [main] org.apache.catalina.startup.VersionLoggerListener.log CATALINA_BASE:         C:\Users\DUCTHANH\Documents\apache-tomcat-8.5
02-Sep-2018 21:23:12.588 INFO [main] org.apache.catalina.startup.VersionLoggerListener.log CATALINA_HOME:         C:\Users\DUCTHANH\Documents\apache-tomcat-8.5
02-Sep-2018 21:23:12.592 INFO [main] org.apache.catalina.startup.VersionLoggerListener.log Command line argument: -Djava.util.logging.config.file=C:\Users\DUCTHANH\Documents\apache-tomcat-8.5\conf\logging.properties
02-Sep-2018 21:23:12.592 INFO [main] org.apache.catalina.startup.VersionLoggerListener.log Command line argument: -Djava.util.logging.manager=org.apache.juli.ClassLoaderLogManager
02-Sep-2018 21:23:12.592 INFO [main] org.apache.catalina.startup.VersionLoggerListener.log Command line argument: -Dhttp.nonProxyHosts=localhost|127.0.0.1|THANH
02-Sep-2018 21:23:12.592 INFO [main] org.apache.catalina.startup.VersionLoggerListener.log Command line argument: -Djdk.tls.ephemeralDHKeySize=2048
02-Sep-2018 21:23:12.592 INFO [main] org.apache.catalina.startup.VersionLoggerListener.log Command line argument: -Djava.protocol.handler.pkgs=org.apache.catalina.webresources
02-Sep-2018 21:23:12.592 INFO [main] org.apache.catalina.startup.VersionLoggerListener.log Command line argument: -Dignore.endorsed.dirs=
02-Sep-2018 21:23:12.596 INFO [main] org.apache.catalina.startup.VersionLoggerListener.log Command line argument: -Dcatalina.base=C:\Users\DUCTHANH\Documents\apache-tomcat-8.5
02-Sep-2018 21:23:12.596 INFO [main] org.apache.catalina.startup.VersionLoggerListener.log Command line argument: -Dcatalina.home=C:\Users\DUCTHANH\Documents\apache-tomcat-8.5
02-Sep-2018 21:23:12.596 INFO [main] org.apache.catalina.startup.VersionLoggerListener.log Command line argument: -Djava.io.tmpdir=C:\Users\DUCTHANH\Documents\apache-tomcat-8.5\temp
02-Sep-2018 21:23:12.596 INFO [main] org.apache.catalina.core.AprLifecycleListener.lifecycleEvent The APR based Apache Tomcat Native library which allows optimal performance in production environments was not found on the java.library.path: [C:\Program Files\Java\jdk1.8.0_131\bin;C:\WINDOWS\Sun\Java\bin;C:\WINDOWS\system32;C:\WINDOWS;C:\Program Files (x86)\Common Files\Oracle\Java\javapath;C:\ProgramData\Oracle\Java\javapath;C:\Program Files (x86)\Intel\iCLS Client\;C:\Program Files\Intel\iCLS Client\;C:\WINDOWS\system32;C:\WINDOWS;C:\WINDOWS\System32\Wbem;C:\WINDOWS\System32\WindowsPowerShell\v1.0\;C:\Program Files\Intel\Intel(R) Management Engine Components\DAL;C:\Program Files (x86)\Intel\Intel(R) Management Engine Components\DAL;C:\Program Files\Intel\Intel(R) Management Engine Components\IPT;C:\Program Files (x86)\Intel\Intel(R) Management Engine Components\IPT;C:\Program Files\Intel\WiFi\bin\;C:\Program Files\Common Files\Intel\WirelessCommon\;C:\Program Files\Java\jdk-10.0.1\bin;C:\Program Files\apache-maven-3.5.4\bin;C:\Program Files\Git\cmd;C:\Users\DUCTHANH\AppData\Local\Programs\Python\Python37\Scripts\;C:\Users\DUCTHANH\AppData\Local\Programs\Python\Python37\;.]
02-Sep-2018 21:23:13.476 INFO [main] org.apache.coyote.AbstractProtocol.init Initializing ProtocolHandler ["http-nio-8080"]
02-Sep-2018 21:23:14.000 INFO [main] org.apache.tomcat.util.net.NioSelectorPool.getSharedSelector Using a shared selector for servlet write/read
02-Sep-2018 21:23:14.048 INFO [main] org.apache.coyote.AbstractProtocol.init Initializing ProtocolHandler ["ajp-nio-8009"]
02-Sep-2018 21:23:14.052 INFO [main] org.apache.tomcat.util.net.NioSelectorPool.getSharedSelector Using a shared selector for servlet write/read
02-Sep-2018 21:23:14.056 INFO [main] org.apache.catalina.startup.Catalina.load Initialization processed in 3197 ms
02-Sep-2018 21:23:14.244 INFO [main] org.apache.catalina.core.StandardService.startInternal Starting service [Catalina]
02-Sep-2018 21:23:14.248 INFO [main] org.apache.catalina.core.StandardEngine.startInternal Starting Servlet Engine: Apache Tomcat/8.5.32
02-Sep-2018 21:23:14.372 INFO [localhost-startStop-1] org.apache.catalina.startup.HostConfig.deployDescriptor Deploying configuration descriptor [C:\Users\DUCTHANH\Documents\apache-tomcat-8.5\conf\Catalina\localhost\baiTest1.xml]
02-Sep-2018 21:23:14.492 WARNING [localhost-startStop-1] org.apache.catalina.startup.SetContextPropertiesRule.begin [SetContextPropertiesRule]{Context} Setting property 'antiJARLocking' to 'true' did not find a matching property.
02-Sep-2018 21:23:16.008 INFO [localhost-startStop-1] org.apache.jasper.servlet.TldScanner.scanJars At least one JAR was scanned for TLDs yet contained no TLDs. Enable debug logging for this logger for a complete list of JARs that were scanned but no TLDs were found in them. Skipping unneeded JARs during scanning can improve startup time and JSP compilation time.
02-Sep-2018 21:23:16.444 INFO [localhost-startStop-1] org.apache.catalina.startup.HostConfig.deployDescriptor Deployment of configuration descriptor [C:\Users\DUCTHANH\Documents\apache-tomcat-8.5\conf\Catalina\localhost\baiTest1.xml] has finished in [2,024] ms
02-Sep-2018 21:23:16.448 INFO [localhost-startStop-1] org.apache.catalina.startup.HostConfig.deployDirectory Deploying web application directory [C:\Users\DUCTHANH\Documents\apache-tomcat-8.5\webapps\docs]
02-Sep-2018 21:23:16.540 INFO [localhost-startStop-1] org.apache.catalina.startup.HostConfig.deployDirectory Deployment of web application directory [C:\Users\DUCTHANH\Documents\apache-tomcat-8.5\webapps\docs] has finished in [92] ms
02-Sep-2018 21:23:16.540 INFO [localhost-startStop-1] org.apache.catalina.startup.HostConfig.deployDirectory Deploying web application directory [C:\Users\DUCTHANH\Documents\apache-tomcat-8.5\webapps\examples]
02-Sep-2018 21:23:18.488 INFO [localhost-startStop-1] org.apache.catalina.startup.HostConfig.deployDirectory Deployment of web application directory [C:\Users\DUCTHANH\Documents\apache-tomcat-8.5\webapps\examples] has finished in [1,948] ms
02-Sep-2018 21:23:18.488 INFO [localhost-startStop-1] org.apache.catalina.startup.HostConfig.deployDirectory Deploying web application directory [C:\Users\DUCTHANH\Documents\apache-tomcat-8.5\webapps\host-manager]
02-Sep-2018 21:23:18.680 INFO [localhost-startStop-1] org.apache.catalina.startup.HostConfig.deployDirectory Deployment of web application directory [C:\Users\DUCTHANH\Documents\apache-tomcat-8.5\webapps\host-manager] has finished in [192] ms
02-Sep-2018 21:23:18.680 INFO [localhost-startStop-1] org.apache.catalina.startup.HostConfig.deployDirectory Deploying web application directory [C:\Users\DUCTHANH\Documents\apache-tomcat-8.5\webapps\manager]
02-Sep-2018 21:23:18.800 INFO [localhost-startStop-1] org.apache.catalina.startup.HostConfig.deployDirectory Deployment of web application directory [C:\Users\DUCTHANH\Documents\apache-tomcat-8.5\webapps\manager] has finished in [120] ms
02-Sep-2018 21:23:18.800 INFO [localhost-startStop-1] org.apache.catalina.startup.HostConfig.deployDirectory Deploying web application directory [C:\Users\DUCTHANH\Documents\apache-tomcat-8.5\webapps\ROOT]
02-Sep-2018 21:23:18.896 INFO [localhost-startStop-1] org.apache.catalina.startup.HostConfig.deployDirectory Deployment of web application directory [C:\Users\DUCTHANH\Documents\apache-tomcat-8.5\webapps\ROOT] has finished in [96] ms
02-Sep-2018 21:23:18.904 INFO [main] org.apache.coyote.AbstractProtocol.start Starting ProtocolHandler ["http-nio-8080"]
02-Sep-2018 21:23:18.924 INFO [main] org.apache.coyote.AbstractProtocol.start Starting ProtocolHandler ["ajp-nio-8009"]
02-Sep-2018 21:23:18.936 INFO [main] org.apache.catalina.startup.Catalina.start Server startup in 4878 ms
02-Sep-2018 21:24:14.630 INFO [main] org.apache.catalina.core.StandardServer.await A valid shutdown command was received via the shutdown port. Stopping the Server instance.
02-Sep-2018 21:24:14.630 INFO [main] org.apache.coyote.AbstractProtocol.pause Pausing ProtocolHandler ["http-nio-8080"]
02-Sep-2018 21:24:14.738 INFO [main] org.apache.coyote.AbstractProtocol.pause Pausing ProtocolHandler ["ajp-nio-8009"]
02-Sep-2018 21:24:14.834 INFO [main] org.apache.catalina.core.StandardService.stopInternal Stopping service [Catalina]
02-Sep-2018 21:24:14.946 WARNING [localhost-startStop-2] org.apache.catalina.loader.WebappClassLoaderBase.clearReferencesJdbc The web application [baiTest1] registered the JDBC driver [com.mysql.jdbc.Driver] but failed to unregister it when the web application was stopped. To prevent a memory leak, the JDBC Driver has been forcibly unregistered.
02-Sep-2018 21:24:14.946 WARNING [localhost-startStop-2] org.apache.catalina.loader.WebappClassLoaderBase.clearReferencesThreads The web application [baiTest1] appears to have started a thread named [Abandoned connection cleanup thread] but has failed to stop it. This is very likely to create a memory leak. Stack trace of thread:
 java.lang.Object.wait(Native Method)
 java.lang.ref.ReferenceQueue.remove(ReferenceQueue.java:143)
 com.mysql.jdbc.AbandonedConnectionCleanupThread.run(AbandonedConnectionCleanupThread.java:40)
02-Sep-2018 21:24:14.958 INFO [main] org.apache.coyote.AbstractProtocol.stop Stopping ProtocolHandler ["http-nio-8080"]
02-Sep-2018 21:24:14.962 INFO [main] org.apache.coyote.AbstractProtocol.stop Stopping ProtocolHandler ["ajp-nio-8009"]
02-Sep-2018 21:24:14.974 INFO [main] org.apache.coyote.AbstractProtocol.destroy Destroying ProtocolHandler ["http-nio-8080"]
02-Sep-2018 21:24:14.974 INFO [main] org.apache.coyote.AbstractProtocol.destroy Destroying ProtocolHandler ["ajp-nio-8009"]
